Starting a Gradle Daemon, 1 stopped Daemon could not be reused, use --status for details
> Task :gradle-plugin:settings-plugin:checkKotlinGradlePluginConfigurationErrors
> Task :gradle-plugin:settings-plugin:compileKotlin UP-TO-DATE
> Task :gradle-plugin:settings-plugin:compileJava NO-SOURCE
> Task :gradle-plugin:settings-plugin:pluginDescriptors UP-TO-DATE
> Task :gradle-plugin:settings-plugin:processResources UP-TO-DATE
> Task :gradle-plugin:settings-plugin:classes UP-TO-DATE
> Task :gradle-plugin:settings-plugin:jar UP-TO-DATE
> Task :gradle-plugin:react-native-gradle-plugin:checkKotlinGradlePluginConfigurationErrors
> Task :expo-dev-launcher-gradle-plugin:checkKotlinGradlePluginConfigurationErrors
> Task :expo-dev-launcher-gradle-plugin:compileKotlin UP-TO-DATE
> Task :expo-dev-launcher-gradle-plugin:compileJava NO-SOURCE
> Task :gradle-plugin:react-native-gradle-plugin:compileKotlin UP-TO-DATE
> Task :expo-dev-launcher-gradle-plugin:pluginDescriptors UP-TO-DATE
> Task :gradle-plugin:react-native-gradle-plugin:compileJava NO-SOURCE
> Task :gradle-plugin:react-native-gradle-plugin:pluginDescriptors UP-TO-DATE
> Task :expo-dev-launcher-gradle-plugin:processResources UP-TO-DATE
> Task :expo-dev-launcher-gradle-plugin:classes UP-TO-DATE
> Task :gradle-plugin:react-native-gradle-plugin:processResources UP-TO-DATE
> Task :gradle-plugin:react-native-gradle-plugin:classes UP-TO-DATE
> Task :expo-dev-launcher-gradle-plugin:jar UP-TO-DATE
> Task :gradle-plugin:react-native-gradle-plugin:jar UP-TO-DATE

> Configure project :app
 â„¹ï¸  [33mApplying gradle plugin[0m '[32mexpo-dev-launcher-gradle-plugin[0m' (expo-dev-launcher@4.0.29)

> Configure project :expo

Using expo modules
  - [32mexpo-asset[0m (10.0.10)
  - [32mexpo-blur[0m (13.0.2)
  - [32mexpo-constants[0m (16.0.2)
  - [32mexpo-dev-client[0m (4.0.29)
  - [32mexpo-dev-launcher[0m (4.0.29)
  - [32mexpo-dev-menu[0m (5.0.23)
  - [32mexpo-file-system[0m (17.0.1)
  - [32mexpo-font[0m (12.0.10)
  - [32mexpo-image-loader[0m (4.7.0)
  - [32mexpo-image-picker[0m (15.0.7)
  - [32mexpo-json-utils[0m (0.13.1)
  - [32mexpo-keep-awake[0m (13.0.2)
  - [32mexpo-linear-gradient[0m (13.0.2)
  - [32mexpo-location[0m (17.0.1)
  - [32mexpo-manifests[0m (0.14.3)
  - [32mexpo-modules-core[0m (1.12.26)
  - [32mexpo-splash-screen[0m (0.27.7)
  - [32mexpo-system-ui[0m (3.0.7)
  - [32mexpo-web-browser[0m (13.0.3)


> Configure project :react-native-firebase_app
:react-native-firebase_app package.json found at /Users/basith/Documents/whatsay-app-main/node_modules/@react-native-firebase/app/package.json
:react-native-firebase_app:firebase.bom using default value: 33.5.1
:react-native-firebase_app:play.play-services-auth using default value: 21.2.0
:react-native-firebase_app package.json found at /Users/basith/Documents/whatsay-app-main/node_modules/@react-native-firebase/app/package.json
:react-native-firebase_app:version set from package.json: 21.6.0 (21,6,0 - 21006000)
:react-native-firebase_app:android.compileSdk using custom value: 34
:react-native-firebase_app:android.targetSdk using custom value: 34
:react-native-firebase_app:android.minSdk using custom value: 23
:react-native-firebase_app:reactNativeAndroidDir /Users/basith/Documents/whatsay-app-main/node_modules/react-native/android

> Configure project :react-native-firebase_auth
:react-native-firebase_auth package.json found at /Users/basith/Documents/whatsay-app-main/node_modules/@react-native-firebase/auth/package.json
:react-native-firebase_app package.json found at /Users/basith/Documents/whatsay-app-main/node_modules/@react-native-firebase/app/package.json
:react-native-firebase_auth:firebase.bom using default value: 33.5.1
:react-native-firebase_auth package.json found at /Users/basith/Documents/whatsay-app-main/node_modules/@react-native-firebase/auth/package.json
:react-native-firebase_auth:version set from package.json: 21.6.0 (21,6,0 - 21006000)
:react-native-firebase_auth:android.compileSdk using custom value: 34
:react-native-firebase_auth:android.targetSdk using custom value: 34
:react-native-firebase_auth:android.minSdk using custom value: 23
:react-native-firebase_auth:reactNativeAndroidDir /Users/basith/Documents/whatsay-app-main/node_modules/react-native/android

> Configure project :react-native-reanimated
Android gradle plugin: 8.2.1
Gradle: 8.8
Warning: SDK processing. This version only understands SDK XML versions up to 3 but an SDK XML file of version 4 was encountered. This can happen if you use versions of Android Studio and the command-line tools that were released at different times.

> Task :app:generateCodegenSchemaFromJavaScript SKIPPED
> Task :app:generateCodegenArtifactsFromSchema SKIPPED
> Task :app:generatePackageList
> Task :app:preBuild
> Task :app:preDebugBuild
> Task :app:mergeDebugNativeDebugMetadata NO-SOURCE
> Task :app:checkKotlinGradlePluginConfigurationErrors
> Task :app:generateDebugBuildConfig
> Task :expo:generateExpoModulesPackageListTask
> Task :expo:preBuild
> Task :expo:preDebugBuild
> Task :expo-asset:preBuild UP-TO-DATE
> Task :expo-asset:preDebugBuild UP-TO-DATE
> Task :expo-blur:preBuild UP-TO-DATE
> Task :expo-blur:preDebugBuild UP-TO-DATE
> Task :expo-asset:writeDebugAarMetadata
> Task :expo-blur:writeDebugAarMetadata
> Task :expo:writeDebugAarMetadata

> Task :expo-constants:createExpoConfig
The NODE_ENV environment variable is required but was not specified. Ensure the project is bundled with Expo CLI or NODE_ENV is set.
Proceeding without mode-specific .env

> Task :expo-constants:preBuild
> Task :expo-constants:preDebugBuild
> Task :expo-dev-client:preBuild UP-TO-DATE
> Task :expo-dev-client:preDebugBuild UP-TO-DATE
> Task :expo-constants:writeDebugAarMetadata
> Task :expo-dev-client:writeDebugAarMetadata
> Task :expo-dev-launcher:preBuild UP-TO-DATE
> Task :expo-dev-launcher:preDebugBuild UP-TO-DATE
> Task :expo-dev-menu:preBuild UP-TO-DATE
> Task :expo-dev-launcher:writeDebugAarMetadata
> Task :expo-dev-menu:preDebugBuild UP-TO-DATE
> Task :expo-dev-menu-interface:preBuild UP-TO-DATE
> Task :expo-dev-menu-interface:preDebugBuild UP-TO-DATE
> Task :expo-dev-menu:writeDebugAarMetadata
> Task :expo-file-system:preBuild UP-TO-DATE
> Task :expo-dev-menu-interface:writeDebugAarMetadata
> Task :expo-file-system:preDebugBuild UP-TO-DATE
> Task :expo-font:preBuild UP-TO-DATE
> Task :expo-font:preDebugBuild UP-TO-DATE
> Task :expo-file-system:writeDebugAarMetadata
> Task :expo-image-loader:preBuild UP-TO-DATE
> Task :expo-font:writeDebugAarMetadata
> Task :expo-image-loader:preDebugBuild UP-TO-DATE
> Task :expo-image-loader:writeDebugAarMetadata
> Task :expo-image-picker:preBuild UP-TO-DATE
> Task :expo-image-picker:preDebugBuild UP-TO-DATE
> Task :expo-json-utils:preBuild UP-TO-DATE
> Task :expo-json-utils:preDebugBuild UP-TO-DATE
> Task :expo-image-picker:writeDebugAarMetadata
> Task :expo-keep-awake:preBuild UP-TO-DATE
> Task :expo-keep-awake:preDebugBuild UP-TO-DATE
> Task :expo-json-utils:writeDebugAarMetadata
> Task :expo-linear-gradient:preBuild UP-TO-DATE
> Task :expo-linear-gradient:preDebugBuild UP-TO-DATE
> Task :expo-keep-awake:writeDebugAarMetadata
> Task :expo-linear-gradient:writeDebugAarMetadata
> Task :expo-location:preBuild UP-TO-DATE
> Task :expo-location:preDebugBuild UP-TO-DATE
> Task :expo-manifests:preBuild UP-TO-DATE
> Task :expo-manifests:preDebugBuild UP-TO-DATE
> Task :expo-location:writeDebugAarMetadata
> Task :expo-modules-core:preBuild UP-TO-DATE
> Task :expo-modules-core:preDebugBuild UP-TO-DATE
> Task :expo-manifests:writeDebugAarMetadata
> Task :expo-splash-screen:preBuild UP-TO-DATE
> Task :expo-modules-core:writeDebugAarMetadata
> Task :expo-splash-screen:preDebugBuild UP-TO-DATE
> Task :expo-splash-screen:writeDebugAarMetadata
> Task :expo-system-ui:preBuild UP-TO-DATE
> Task :expo-system-ui:preDebugBuild UP-TO-DATE
> Task :expo-updates-interface:preBuild UP-TO-DATE
> Task :expo-updates-interface:preDebugBuild UP-TO-DATE
> Task :expo-system-ui:writeDebugAarMetadata
> Task :expo-updates-interface:writeDebugAarMetadata
> Task :expo-web-browser:preBuild UP-TO-DATE
> Task :expo-web-browser:preDebugBuild UP-TO-DATE
> Task :lottie-react-native:preBuild UP-TO-DATE
> Task :expo-web-browser:writeDebugAarMetadata
> Task :lottie-react-native:preDebugBuild UP-TO-DATE
> Task :react-native-async-storage_async-storage:preBuild UP-TO-DATE
> Task :react-native-async-storage_async-storage:preDebugBuild UP-TO-DATE
> Task :lottie-react-native:writeDebugAarMetadata
> Task :react-native-firebase_app:preBuild UP-TO-DATE
> Task :react-native-async-storage_async-storage:writeDebugAarMetadata
> Task :react-native-firebase_app:preDebugBuild UP-TO-DATE
> Task :react-native-firebase_auth:preBuild UP-TO-DATE
> Task :react-native-firebase_app:writeDebugAarMetadata
> Task :react-native-firebase_auth:preDebugBuild UP-TO-DATE
> Task :react-native-gesture-handler:preBuild UP-TO-DATE
> Task :react-native-firebase_auth:writeDebugAarMetadata
> Task :react-native-gesture-handler:preDebugBuild UP-TO-DATE
> Task :react-native-google-signin_google-signin:preBuild UP-TO-DATE
> Task :react-native-gesture-handler:writeDebugAarMetadata
> Task :react-native-google-signin_google-signin:preDebugBuild UP-TO-DATE
> Task :react-native-keyboard-controller:preBuild UP-TO-DATE
> Task :react-native-google-signin_google-signin:writeDebugAarMetadata
> Task :react-native-keyboard-controller:preDebugBuild UP-TO-DATE
> Task :react-native-linear-gradient:preBuild UP-TO-DATE
> Task :react-native-keyboard-controller:writeDebugAarMetadata
> Task :react-native-linear-gradient:preDebugBuild UP-TO-DATE
> Task :react-native-localize:preBuild UP-TO-DATE
> Task :react-native-linear-gradient:writeDebugAarMetadata
> Task :react-native-localize:preDebugBuild UP-TO-DATE
> Task :react-native-masked-view_masked-view:preBuild UP-TO-DATE
> Task :react-native-masked-view_masked-view:preDebugBuild UP-TO-DATE
> Task :react-native-localize:writeDebugAarMetadata
> Task :react-native-masked-view_masked-view:writeDebugAarMetadata
> Task :react-native-reanimated:assertLatestReactNativeWithNewArchitectureTask SKIPPED
> Task :react-native-reanimated:assertMinimalReactNativeVersionTask SKIPPED
> Task :react-native-reanimated:prepareHeadersForPrefab
> Task :react-native-reanimated:preBuild
> Task :react-native-reanimated:preDebugBuild
> Task :react-native-safe-area-context:preBuild UP-TO-DATE
> Task :react-native-reanimated:writeDebugAarMetadata
> Task :react-native-safe-area-context:preDebugBuild UP-TO-DATE
> Task :react-native-screens:preBuild UP-TO-DATE
> Task :react-native-screens:preDebugBuild UP-TO-DATE
> Task :react-native-safe-area-context:writeDebugAarMetadata
> Task :react-native-screens:writeDebugAarMetadata
> Task :react-native-svg:preBuild UP-TO-DATE
> Task :react-native-svg:preDebugBuild UP-TO-DATE
> Task :react-native-vector-icons:preBuild UP-TO-DATE
> Task :react-native-vector-icons:preDebugBuild UP-TO-DATE
> Task :react-native-svg:writeDebugAarMetadata
> Task :react-native-vector-icons:writeDebugAarMetadata
> Task :app:generateDebugResValues
> Task :app:checkDebugAarMetadata
> Task :app:processDebugGoogleServices
> Task :expo:generateDebugResValues
> Task :expo:generateDebugResources
> Task :expo:packageDebugResources
> Task :expo-asset:generateDebugResValues
> Task :expo-asset:generateDebugResources
> Task :expo-asset:packageDebugResources
> Task :expo-blur:generateDebugResValues
> Task :expo-blur:generateDebugResources
> Task :expo-blur:packageDebugResources
> Task :expo-constants:generateDebugResValues
> Task :expo-constants:generateDebugResources
> Task :expo-constants:packageDebugResources
> Task :expo-dev-client:generateDebugResValues
> Task :expo-dev-client:generateDebugResources
> Task :expo-dev-client:packageDebugResources
> Task :expo-dev-launcher:generateDebugResValues
> Task :expo-dev-launcher:generateDebugResources
> Task :expo-dev-launcher:packageDebugResources
> Task :expo-dev-menu:generateDebugResValues
> Task :expo-dev-menu:generateDebugResources
> Task :expo-dev-menu:packageDebugResources
> Task :expo-dev-menu-interface:generateDebugResValues
> Task :expo-dev-menu-interface:generateDebugResources
> Task :expo-dev-menu-interface:packageDebugResources
> Task :expo-file-system:generateDebugResValues
> Task :expo-file-system:generateDebugResources
> Task :expo-file-system:packageDebugResources
> Task :expo-font:generateDebugResValues
> Task :expo-font:generateDebugResources
> Task :expo-font:packageDebugResources
> Task :expo-image-loader:generateDebugResValues
> Task :expo-image-loader:generateDebugResources
> Task :expo-image-loader:packageDebugResources
> Task :expo-image-picker:generateDebugResValues
> Task :expo-image-picker:generateDebugResources
> Task :expo-image-picker:packageDebugResources
> Task :expo-json-utils:generateDebugResValues
> Task :expo-json-utils:generateDebugResources
> Task :expo-json-utils:packageDebugResources
> Task :expo-keep-awake:generateDebugResValues
> Task :expo-keep-awake:generateDebugResources
> Task :expo-keep-awake:packageDebugResources
> Task :expo-linear-gradient:generateDebugResValues
> Task :expo-linear-gradient:generateDebugResources
> Task :expo-linear-gradient:packageDebugResources
> Task :expo-location:generateDebugResValues
> Task :expo-location:generateDebugResources
> Task :expo-location:packageDebugResources
> Task :expo-manifests:generateDebugResValues
> Task :expo-manifests:generateDebugResources
> Task :expo-manifests:packageDebugResources
> Task :expo-modules-core:generateDebugResValues
> Task :expo-modules-core:generateDebugResources
> Task :expo-modules-core:packageDebugResources
> Task :expo-splash-screen:generateDebugResValues
> Task :expo-splash-screen:generateDebugResources
> Task :expo-splash-screen:packageDebugResources
> Task :expo-system-ui:generateDebugResValues
> Task :expo-system-ui:generateDebugResources
> Task :expo-system-ui:packageDebugResources
> Task :expo-updates-interface:generateDebugResValues
> Task :expo-updates-interface:generateDebugResources
> Task :expo-updates-interface:packageDebugResources
> Task :expo-web-browser:generateDebugResValues
> Task :expo-web-browser:generateDebugResources
> Task :expo-web-browser:packageDebugResources
> Task :lottie-react-native:generateDebugResValues
> Task :lottie-react-native:generateDebugResources
> Task :lottie-react-native:packageDebugResources
> Task :react-native-async-storage_async-storage:generateDebugResValues
> Task :react-native-async-storage_async-storage:generateDebugResources
> Task :react-native-async-storage_async-storage:packageDebugResources
> Task :react-native-firebase_app:generateDebugResValues
> Task :react-native-firebase_app:generateDebugResources
> Task :react-native-firebase_app:packageDebugResources
> Task :react-native-firebase_auth:generateDebugResValues
> Task :react-native-firebase_auth:generateDebugResources
> Task :react-native-firebase_auth:packageDebugResources
> Task :react-native-gesture-handler:generateDebugResValues
> Task :react-native-gesture-handler:generateDebugResources
> Task :react-native-gesture-handler:packageDebugResources
> Task :react-native-google-signin_google-signin:generateDebugResValues
> Task :react-native-google-signin_google-signin:generateDebugResources
> Task :react-native-google-signin_google-signin:packageDebugResources
> Task :react-native-keyboard-controller:generateDebugResValues
> Task :react-native-keyboard-controller:generateDebugResources
> Task :react-native-keyboard-controller:packageDebugResources
> Task :react-native-linear-gradient:generateDebugResValues
> Task :react-native-linear-gradient:generateDebugResources
> Task :react-native-linear-gradient:packageDebugResources
> Task :react-native-localize:generateDebugResValues
> Task :react-native-localize:generateDebugResources
> Task :react-native-localize:packageDebugResources
> Task :react-native-masked-view_masked-view:generateDebugResValues
> Task :react-native-masked-view_masked-view:generateDebugResources
> Task :react-native-masked-view_masked-view:packageDebugResources
> Task :react-native-reanimated:generateDebugResValues
> Task :react-native-reanimated:generateDebugResources
> Task :react-native-reanimated:packageDebugResources
> Task :react-native-safe-area-context:generateDebugResValues
> Task :react-native-safe-area-context:generateDebugResources
> Task :react-native-safe-area-context:packageDebugResources
> Task :react-native-screens:generateDebugResValues
> Task :react-native-screens:generateDebugResources
> Task :react-native-screens:packageDebugResources
> Task :react-native-svg:generateDebugResValues
> Task :react-native-svg:generateDebugResources
> Task :react-native-svg:packageDebugResources
> Task :react-native-vector-icons:generateDebugResValues
> Task :react-native-vector-icons:generateDebugResources
> Task :react-native-vector-icons:packageDebugResources
> Task :app:mapDebugSourceSetPaths
> Task :app:generateDebugResources
> Task :app:packageDebugResources
> Task :app:mergeDebugResources
> Task :app:createDebugCompatibleScreenManifests
> Task :app:extractDeepLinksDebug
> Task :expo:extractDeepLinksDebug
> Task :expo-asset:extractDeepLinksDebug
> Task :expo-blur:extractDeepLinksDebug
> Task :expo-constants:extractDeepLinksDebug
> Task :expo-dev-client:extractDeepLinksDebug
> Task :expo-dev-launcher:extractDeepLinksDebug
> Task :expo-dev-menu:extractDeepLinksDebug
> Task :expo-dev-menu-interface:extractDeepLinksDebug
> Task :expo-file-system:extractDeepLinksDebug
> Task :expo-font:extractDeepLinksDebug
> Task :expo-image-loader:extractDeepLinksDebug
> Task :app:parseDebugLocalResources
> Task :expo-image-picker:extractDeepLinksDebug
> Task :expo-font:processDebugManifest
> Task :expo-constants:processDebugManifest
> Task :expo-json-utils:extractDeepLinksDebug
> Task :expo-dev-menu-interface:processDebugManifest
> Task :expo:processDebugManifest
> Task :expo-blur:processDebugManifest
> Task :expo-image-picker:processDebugManifest
> Task :expo-dev-launcher:processDebugManifest
> Task :expo-dev-client:processDebugManifest
> Task :expo-image-loader:processDebugManifest
> Task :expo-dev-menu:processDebugManifest

> Task :expo-file-system:processDebugManifest
/Users/basith/Documents/whatsay-app-main/node_modules/expo-file-system/android/src/main/AndroidManifest.xml:6:9-8:20 Warning:
	provider#expo.modules.filesystem.FileSystemFileProvider@android:authorities was tagged at AndroidManifest.xml:6 to replace other declarations but no other declaration present

> Task :expo-asset:processDebugManifest
> Task :expo-keep-awake:extractDeepLinksDebug
> Task :expo-json-utils:processDebugManifest
> Task :expo-linear-gradient:extractDeepLinksDebug
> Task :expo-keep-awake:processDebugManifest
> Task :expo-location:extractDeepLinksDebug
> Task :expo-linear-gradient:processDebugManifest
> Task :expo-manifests:extractDeepLinksDebug
> Task :expo-location:processDebugManifest
> Task :expo-modules-core:extractDeepLinksDebug
> Task :expo-manifests:processDebugManifest
> Task :expo-splash-screen:extractDeepLinksDebug

> Task :expo-modules-core:processDebugManifest
/Users/basith/Documents/whatsay-app-main/node_modules/expo-modules-core/android/src/main/AndroidManifest.xml:8:9-11:45 Warning:
	meta-data#com.facebook.soloader.enabled@android:value was tagged at AndroidManifest.xml:8 to replace other declarations but no other declaration present

> Task :expo-system-ui:extractDeepLinksDebug
> Task :expo-splash-screen:processDebugManifest
> Task :expo-updates-interface:extractDeepLinksDebug
> Task :expo-system-ui:processDebugManifest
> Task :expo-web-browser:extractDeepLinksDebug
> Task :expo-updates-interface:processDebugManifest
> Task :lottie-react-native:extractDeepLinksDebug
> Task :expo-web-browser:processDebugManifest
> Task :react-native-async-storage_async-storage:extractDeepLinksDebug

> Task :lottie-react-native:processDebugManifest
package="com.airbnb.android.react.lottie" found in source AndroidManifest.xml: /Users/basith/Documents/whatsay-app-main/node_modules/lottie-react-native/android/src/main/AndroidManifest.xml.
Setting the namespace via the package attribute in the source AndroidManifest.xml is no longer supported, and the value is ignored.
Recommendation: remove package="com.airbnb.android.react.lottie" from the source AndroidManifest.xml: /Users/basith/Documents/whatsay-app-main/node_modules/lottie-react-native/android/src/main/AndroidManifest.xml.

> Task :react-native-firebase_app:extractDeepLinksDebug

> Task :react-native-async-storage_async-storage:processDebugManifest
package="com.reactnativecommunity.asyncstorage" found in source AndroidManifest.xml: /Users/basith/Documents/whatsay-app-main/node_modules/@react-native-async-storage/async-storage/android/src/main/AndroidManifest.xml.
Setting the namespace via the package attribute in the source AndroidManifest.xml is no longer supported, and the value is ignored.
Recommendation: remove package="com.reactnativecommunity.asyncstorage" from the source AndroidManifest.xml: /Users/basith/Documents/whatsay-app-main/node_modules/@react-native-async-storage/async-storage/android/src/main/AndroidManifest.xml.

> Task :react-native-firebase_auth:extractDeepLinksDebug

> Task :react-native-firebase_app:processDebugManifest
package="io.invertase.firebase" found in source AndroidManifest.xml: /Users/basith/Documents/whatsay-app-main/node_modules/@react-native-firebase/app/android/src/main/AndroidManifest.xml.
Setting the namespace via the package attribute in the source AndroidManifest.xml is no longer supported, and the value is ignored.
Recommendation: remove package="io.invertase.firebase" from the source AndroidManifest.xml: /Users/basith/Documents/whatsay-app-main/node_modules/@react-native-firebase/app/android/src/main/AndroidManifest.xml.

> Task :react-native-gesture-handler:extractDeepLinksDebug

> Task :react-native-firebase_auth:processDebugManifest
package="io.invertase.firebase.auth" found in source AndroidManifest.xml: /Users/basith/Documents/whatsay-app-main/node_modules/@react-native-firebase/auth/android/src/main/AndroidManifest.xml.
Setting the namespace via the package attribute in the source AndroidManifest.xml is no longer supported, and the value is ignored.
Recommendation: remove package="io.invertase.firebase.auth" from the source AndroidManifest.xml: /Users/basith/Documents/whatsay-app-main/node_modules/@react-native-firebase/auth/android/src/main/AndroidManifest.xml.

> Task :react-native-google-signin_google-signin:extractDeepLinksDebug

> Task :react-native-gesture-handler:processDebugManifest
package="com.swmansion.gesturehandler" found in source AndroidManifest.xml: /Users/basith/Documents/whatsay-app-main/node_modules/react-native-gesture-handler/android/src/main/AndroidManifest.xml.
Setting the namespace via the package attribute in the source AndroidManifest.xml is no longer supported, and the value is ignored.
Recommendation: remove package="com.swmansion.gesturehandler" from the source AndroidManifest.xml: /Users/basith/Documents/whatsay-app-main/node_modules/react-native-gesture-handler/android/src/main/AndroidManifest.xml.

> Task :react-native-keyboard-controller:extractDeepLinksDebug

> Task :react-native-google-signin_google-signin:processDebugManifest
package="com.reactnativegooglesignin" found in source AndroidManifest.xml: /Users/basith/Documents/whatsay-app-main/node_modules/@react-native-google-signin/google-signin/android/src/main/AndroidManifest.xml.
Setting the namespace via the package attribute in the source AndroidManifest.xml is no longer supported, and the value is ignored.
Recommendation: remove package="com.reactnativegooglesignin" from the source AndroidManifest.xml: /Users/basith/Documents/whatsay-app-main/node_modules/@react-native-google-signin/google-signin/android/src/main/AndroidManifest.xml.

> Task :react-native-linear-gradient:extractDeepLinksDebug

> Task :react-native-keyboard-controller:processDebugManifest
package="com.reactnativekeyboardcontroller" found in source AndroidManifest.xml: /Users/basith/Documents/whatsay-app-main/node_modules/react-native-keyboard-controller/android/src/main/AndroidManifest.xml.
Setting the namespace via the package attribute in the source AndroidManifest.xml is no longer supported, and the value is ignored.
Recommendation: remove package="com.reactnativekeyboardcontroller" from the source AndroidManifest.xml: /Users/basith/Documents/whatsay-app-main/node_modules/react-native-keyboard-controller/android/src/main/AndroidManifest.xml.

> Task :react-native-localize:extractDeepLinksDebug

> Task :react-native-linear-gradient:processDebugManifest
package="com.BV.LinearGradient" found in source AndroidManifest.xml: /Users/basith/Documents/whatsay-app-main/node_modules/react-native-linear-gradient/android/src/main/AndroidManifest.xml.
Setting the namespace via the package attribute in the source AndroidManifest.xml is no longer supported, and the value is ignored.
Recommendation: remove package="com.BV.LinearGradient" from the source AndroidManifest.xml: /Users/basith/Documents/whatsay-app-main/node_modules/react-native-linear-gradient/android/src/main/AndroidManifest.xml.

> Task :react-native-masked-view_masked-view:extractDeepLinksDebug
> Task :react-native-localize:processDebugManifest
> Task :react-native-reanimated:extractDeepLinksDebug
> Task :react-native-masked-view_masked-view:processDebugManifest
> Task :react-native-safe-area-context:extractDeepLinksDebug

> Task :react-native-reanimated:processDebugManifest
package="com.swmansion.reanimated" found in source AndroidManifest.xml: /Users/basith/Documents/whatsay-app-main/node_modules/react-native-reanimated/android/src/main/AndroidManifest.xml.
Setting the namespace via the package attribute in the source AndroidManifest.xml is no longer supported, and the value is ignored.
Recommendation: remove package="com.swmansion.reanimated" from the source AndroidManifest.xml: /Users/basith/Documents/whatsay-app-main/node_modules/react-native-reanimated/android/src/main/AndroidManifest.xml.

> Task :react-native-screens:extractDeepLinksDebug

> Task :react-native-safe-area-context:processDebugManifest
package="com.th3rdwave.safeareacontext" found in source AndroidManifest.xml: /Users/basith/Documents/whatsay-app-main/node_modules/react-native-safe-area-context/android/src/main/AndroidManifest.xml.
Setting the namespace via the package attribute in the source AndroidManifest.xml is no longer supported, and the value is ignored.
Recommendation: remove package="com.th3rdwave.safeareacontext" from the source AndroidManifest.xml: /Users/basith/Documents/whatsay-app-main/node_modules/react-native-safe-area-context/android/src/main/AndroidManifest.xml.

> Task :react-native-svg:extractDeepLinksDebug

> Task :react-native-screens:processDebugManifest
package="com.swmansion.rnscreens" found in source AndroidManifest.xml: /Users/basith/Documents/whatsay-app-main/node_modules/react-native-screens/android/src/main/AndroidManifest.xml.
Setting the namespace via the package attribute in the source AndroidManifest.xml is no longer supported, and the value is ignored.
Recommendation: remove package="com.swmansion.rnscreens" from the source AndroidManifest.xml: /Users/basith/Documents/whatsay-app-main/node_modules/react-native-screens/android/src/main/AndroidManifest.xml.

> Task :react-native-vector-icons:extractDeepLinksDebug

> Task :react-native-svg:processDebugManifest
package="com.horcrux.svg" found in source AndroidManifest.xml: /Users/basith/Documents/whatsay-app-main/node_modules/react-native-svg/android/src/main/AndroidManifest.xml.
Setting the namespace via the package attribute in the source AndroidManifest.xml is no longer supported, and the value is ignored.
Recommendation: remove package="com.horcrux.svg" from the source AndroidManifest.xml: /Users/basith/Documents/whatsay-app-main/node_modules/react-native-svg/android/src/main/AndroidManifest.xml.

> Task :react-native-vector-icons:processDebugManifest
package="com.oblador.vectoricons" found in source AndroidManifest.xml: /Users/basith/Documents/whatsay-app-main/node_modules/react-native-vector-icons/android/src/main/AndroidManifest.xml.
Setting the namespace via the package attribute in the source AndroidManifest.xml is no longer supported, and the value is ignored.
Recommendation: remove package="com.oblador.vectoricons" from the source AndroidManifest.xml: /Users/basith/Documents/whatsay-app-main/node_modules/react-native-vector-icons/android/src/main/AndroidManifest.xml.

> Task :expo:compileDebugLibraryResources

> Task :app:processDebugMainManifest
/Users/basith/Documents/whatsay-app-main/android/app/src/debug/AndroidManifest.xml:6:5-162 Warning:
	application@android:usesCleartextTraffic was tagged at AndroidManifest.xml:6 to replace other declarations but no other declaration present
/Users/basith/Documents/whatsay-app-main/android/app/src/debug/AndroidManifest.xml Warning:
	provider#expo.modules.filesystem.FileSystemFileProvider@android:authorities was tagged at AndroidManifest.xml:0 to replace other declarations but no other declaration present

> Task :app:processDebugManifest
> Task :expo:parseDebugLocalResources
> Task :expo-asset:compileDebugLibraryResources
> Task :expo-asset:parseDebugLocalResources
> Task :expo-blur:compileDebugLibraryResources
> Task :expo-blur:parseDebugLocalResources
> Task :expo-constants:compileDebugLibraryResources
> Task :expo-constants:parseDebugLocalResources
> Task :expo-dev-client:compileDebugLibraryResources
> Task :app:processDebugManifestForPackage
> Task :expo-dev-client:parseDebugLocalResources
> Task :expo:generateDebugRFile
> Task :expo-blur:generateDebugRFile
> Task :expo-asset:generateDebugRFile
> Task :expo-constants:generateDebugRFile
> Task :expo-dev-client:generateDebugRFile
> Task :expo-dev-launcher:parseDebugLocalResources
> Task :expo-dev-menu-interface:compileDebugLibraryResources
> Task :expo-dev-menu:parseDebugLocalResources
> Task :expo-dev-menu-interface:parseDebugLocalResources
> Task :expo-dev-launcher:generateDebugRFile
> Task :expo-file-system:compileDebugLibraryResources
> Task :expo-dev-menu:generateDebugRFile
> Task :expo-dev-menu-interface:generateDebugRFile
> Task :expo-font:compileDebugLibraryResources
> Task :expo-file-system:parseDebugLocalResources
> Task :expo-font:parseDebugLocalResources
> Task :expo-file-system:generateDebugRFile
> Task :expo-image-loader:compileDebugLibraryResources
> Task :expo-font:generateDebugRFile
> Task :expo-image-loader:parseDebugLocalResources
> Task :expo-image-picker:compileDebugLibraryResources
> Task :expo-image-loader:generateDebugRFile
> Task :expo-image-picker:parseDebugLocalResources
> Task :expo-json-utils:compileDebugLibraryResources
> Task :expo-dev-menu:compileDebugLibraryResources
> Task :expo-image-picker:generateDebugRFile
> Task :expo-dev-launcher:compileDebugLibraryResources
> Task :expo-json-utils:parseDebugLocalResources
> Task :expo-keep-awake:compileDebugLibraryResources
> Task :expo-json-utils:generateDebugRFile
> Task :expo-keep-awake:parseDebugLocalResources
> Task :expo-linear-gradient:compileDebugLibraryResources
> Task :expo-linear-gradient:parseDebugLocalResources
> Task :expo-location:compileDebugLibraryResources
> Task :expo-keep-awake:generateDebugRFile
> Task :expo-linear-gradient:generateDebugRFile
> Task :expo-location:parseDebugLocalResources
> Task :expo-manifests:compileDebugLibraryResources
> Task :expo-location:generateDebugRFile
> Task :expo-manifests:parseDebugLocalResources
> Task :expo-modules-core:compileDebugLibraryResources
> Task :expo-modules-core:parseDebugLocalResources
> Task :expo-manifests:generateDebugRFile
> Task :expo-splash-screen:compileDebugLibraryResources
> Task :expo-modules-core:generateDebugRFile
> Task :expo-splash-screen:parseDebugLocalResources
> Task :expo-system-ui:compileDebugLibraryResources
> Task :expo-system-ui:parseDebugLocalResources
> Task :expo-updates-interface:compileDebugLibraryResources
> Task :expo-splash-screen:generateDebugRFile
> Task :expo-system-ui:generateDebugRFile
> Task :expo-updates-interface:parseDebugLocalResources
> Task :expo-web-browser:compileDebugLibraryResources
> Task :expo-updates-interface:generateDebugRFile
> Task :expo-web-browser:parseDebugLocalResources
> Task :lottie-react-native:compileDebugLibraryResources
> Task :lottie-react-native:parseDebugLocalResources
> Task :react-native-async-storage_async-storage:compileDebugLibraryResources
> Task :expo-web-browser:generateDebugRFile
> Task :lottie-react-native:generateDebugRFile
> Task :react-native-async-storage_async-storage:parseDebugLocalResources
> Task :react-native-firebase_app:compileDebugLibraryResources
> Task :react-native-async-storage_async-storage:generateDebugRFile
> Task :react-native-firebase_app:parseDebugLocalResources
> Task :react-native-firebase_auth:compileDebugLibraryResources
> Task :react-native-firebase_app:generateDebugRFile
> Task :react-native-firebase_auth:parseDebugLocalResources
> Task :react-native-gesture-handler:compileDebugLibraryResources
> Task :react-native-firebase_auth:generateDebugRFile
> Task :react-native-google-signin_google-signin:compileDebugLibraryResources
> Task :react-native-gesture-handler:parseDebugLocalResources
> Task :react-native-keyboard-controller:compileDebugLibraryResources
> Task :react-native-google-signin_google-signin:parseDebugLocalResources
> Task :react-native-gesture-handler:generateDebugRFile
> Task :react-native-google-signin_google-signin:generateDebugRFile
> Task :react-native-linear-gradient:compileDebugLibraryResources
> Task :react-native-keyboard-controller:parseDebugLocalResources
> Task :react-native-localize:compileDebugLibraryResources
> Task :react-native-linear-gradient:parseDebugLocalResources
> Task :react-native-keyboard-controller:generateDebugRFile
> Task :react-native-localize:parseDebugLocalResources
> Task :react-native-linear-gradient:generateDebugRFile
> Task :react-native-masked-view_masked-view:compileDebugLibraryResources
> Task :react-native-localize:generateDebugRFile
> Task :react-native-masked-view_masked-view:parseDebugLocalResources
> Task :react-native-reanimated:compileDebugLibraryResources
> Task :react-native-masked-view_masked-view:generateDebugRFile
> Task :react-native-reanimated:parseDebugLocalResources
> Task :react-native-safe-area-context:compileDebugLibraryResources
> Task :react-native-safe-area-context:parseDebugLocalResources
> Task :react-native-reanimated:generateDebugRFile
> Task :react-native-svg:compileDebugLibraryResources
> Task :react-native-screens:compileDebugLibraryResources
> Task :react-native-safe-area-context:generateDebugRFile
> Task :react-native-screens:parseDebugLocalResources
> Task :react-native-svg:parseDebugLocalResources
> Task :react-native-screens:generateDebugRFile
> Task :react-native-vector-icons:compileDebugLibraryResources
> Task :expo:checkKotlinGradlePluginConfigurationErrors
> Task :react-native-svg:generateDebugRFile
> Task :react-native-vector-icons:parseDebugLocalResources
> Task :expo:generateDebugBuildConfig
> Task :expo-asset:checkKotlinGradlePluginConfigurationErrors
> Task :expo-asset:generateDebugBuildConfig
> Task :react-native-vector-icons:generateDebugRFile
> Task :expo-modules-core:checkKotlinGradlePluginConfigurationErrors
> Task :expo-modules-core:generateDebugBuildConfig
> Task :app:processDebugResources
> Task :expo-blur:checkKotlinGradlePluginConfigurationErrors
> Task :expo-asset:javaPreCompileDebug
> Task :expo-modules-core:javaPreCompileDebug
> Task :expo-blur:generateDebugBuildConfig
> Task :expo-constants:checkKotlinGradlePluginConfigurationErrors
> Task :expo-blur:javaPreCompileDebug
> Task :expo-constants:generateDebugBuildConfig
> Task :expo-dev-client:checkKotlinGradlePluginConfigurationErrors
> Task :expo-constants:javaPreCompileDebug
> Task :expo-dev-client:dataBindingMergeDependencyArtifactsDebug
> Task :expo-dev-client:generateDebugBuildConfig
> Task :expo-dev-client:dataBindingGenBaseClassesDebug
> Task :expo-dev-launcher:checkKotlinGradlePluginConfigurationErrors
> Task :expo-dev-client:javaPreCompileDebug
> Task :expo-dev-launcher:dataBindingMergeDependencyArtifactsDebug
> Task :expo-dev-launcher:generateDebugBuildConfig
> Task :expo-dev-launcher:dataBindingGenBaseClassesDebug
> Task :expo-dev-menu:checkKotlinGradlePluginConfigurationErrors
> Task :expo-dev-menu:generateDebugBuildConfig
> Task :expo-dev-menu-interface:checkKotlinGradlePluginConfigurationErrors
> Task :expo-dev-menu-interface:generateDebugBuildConfig
> Task :expo-json-utils:checkKotlinGradlePluginConfigurationErrors
> Task :expo-dev-menu-interface:javaPreCompileDebug
> Task :expo-json-utils:generateDebugBuildConfig
> Task :expo-manifests:checkKotlinGradlePluginConfigurationErrors
> Task :expo-json-utils:javaPreCompileDebug
> Task :expo-manifests:generateDebugBuildConfig
> Task :expo-manifests:javaPreCompileDebug
> Task :expo-updates-interface:checkKotlinGradlePluginConfigurationErrors
> Task :expo-dev-menu:javaPreCompileDebug
> Task :expo-updates-interface:generateDebugBuildConfig
> Task :expo-updates-interface:javaPreCompileDebug
> Task :expo-file-system:checkKotlinGradlePluginConfigurationErrors
> Task :expo-dev-launcher:javaPreCompileDebug
> Task :expo-file-system:generateDebugBuildConfig
> Task :expo-font:checkKotlinGradlePluginConfigurationErrors
> Task :expo-file-system:javaPreCompileDebug
> Task :expo-font:generateDebugBuildConfig
> Task :expo-font:javaPreCompileDebug
> Task :expo-image-loader:checkKotlinGradlePluginConfigurationErrors
> Task :expo-image-loader:generateDebugBuildConfig
> Task :expo-image-picker:checkKotlinGradlePluginConfigurationErrors
> Task :expo-image-loader:javaPreCompileDebug
> Task :expo-image-picker:generateDebugBuildConfig
> Task :expo-keep-awake:checkKotlinGradlePluginConfigurationErrors
> Task :expo-image-picker:javaPreCompileDebug
> Task :expo-keep-awake:generateDebugBuildConfig
> Task :expo-linear-gradient:checkKotlinGradlePluginConfigurationErrors
> Task :expo-keep-awake:javaPreCompileDebug
> Task :expo-linear-gradient:generateDebugBuildConfig
> Task :expo-location:checkKotlinGradlePluginConfigurationErrors
> Task :expo-linear-gradient:javaPreCompileDebug
> Task :expo-location:generateDebugBuildConfig
> Task :expo-splash-screen:checkKotlinGradlePluginConfigurationErrors
> Task :expo-location:javaPreCompileDebug
> Task :expo-splash-screen:generateDebugBuildConfig
> Task :expo-system-ui:checkKotlinGradlePluginConfigurationErrors
> Task :expo-splash-screen:javaPreCompileDebug
> Task :expo-system-ui:generateDebugBuildConfig
> Task :expo-web-browser:checkKotlinGradlePluginConfigurationErrors
> Task :expo-system-ui:javaPreCompileDebug
> Task :expo-web-browser:generateDebugBuildConfig
> Task :expo-web-browser:javaPreCompileDebug
> Task :lottie-react-native:checkKotlinGradlePluginConfigurationErrors
> Task :expo:javaPreCompileDebug
> Task :lottie-react-native:generateDebugBuildConfig
> Task :lottie-react-native:javaPreCompileDebug
> Task :react-native-async-storage_async-storage:generateDebugBuildConfig
> Task :react-native-async-storage_async-storage:javaPreCompileDebug
> Task :react-native-firebase_app:generateDebugBuildConfig

> Task :react-native-async-storage_async-storage:compileDebugJavaWithJavac
/Users/basith/Documents/whatsay-app-main/node_modules/@react-native-async-storage/async-storage/android/src/main/java/com/reactnativecommunity/asyncstorage/AsyncStorageModule.java:84: warning: [removal] onCatalystInstanceDestroy() in NativeModule has been deprecated and marked for removal
  public void onCatalystInstanceDestroy() {
              ^
Note: Some input files use or override a deprecated API.
Note: Recompile with -Xlint:deprecation for details.
Note: /Users/basith/Documents/whatsay-app-main/node_modules/@react-native-async-storage/async-storage/android/src/javaPackage/java/com/reactnativecommunity/asyncstorage/AsyncStoragePackage.java uses unchecked or unsafe operations.
Note: Recompile with -Xlint:unchecked for details.
1 warning

> Task :lottie-react-native:compileDebugKotlin
w: file:///Users/basith/Documents/whatsay-app-main/node_modules/lottie-react-native/android/src/main/java/com/airbnb/android/react/lottie/LottieAnimationViewPropertyManager.kt:20:38 'ReactFontManager' is deprecated. Deprecated in Java
w: file:///Users/basith/Documents/whatsay-app-main/node_modules/lottie-react-native/android/src/main/java/com/airbnb/android/react/lottie/LottieAnimationViewPropertyManager.kt:71:24 'ReactFontManager' is deprecated. Deprecated in Java
w: file:///Users/basith/Documents/whatsay-app-main/node_modules/lottie-react-native/android/src/main/java/com/airbnb/android/react/lottie/LottieAnimationViewPropertyManager.kt:85:24 'ReactFontManager' is deprecated. Deprecated in Java

> Task :lottie-react-native:compileDebugJavaWithJavac
> Task :react-native-firebase_app:javaPreCompileDebug
> Task :react-native-firebase_auth:generateDebugBuildConfig
> Task :lottie-react-native:bundleLibCompileToJarDebug
> Task :react-native-async-storage_async-storage:bundleLibCompileToJarDebug
> Task :expo-modules-core:compileDebugKotlin

> Task :react-native-firebase_app:compileDebugJavaWithJavac
Note: Some input files use or override a deprecated API.
Note: Recompile with -Xlint:deprecation for details.

> Task :react-native-gesture-handler:checkKotlinGradlePluginConfigurationErrors
> Task :react-native-firebase_auth:javaPreCompileDebug
> Task :react-native-firebase_app:bundleLibCompileToJarDebug
> Task :react-native-gesture-handler:generateDebugBuildConfig

> Task :react-native-firebase_auth:compileDebugJavaWithJavac
Note: /Users/basith/Documents/whatsay-app-main/node_modules/@react-native-firebase/auth/android/src/main/java/io/invertase/firebase/auth/ReactNativeFirebaseAuthModule.java uses or overrides a deprecated API.
Note: Recompile with -Xlint:deprecation for details.
Note: /Users/basith/Documents/whatsay-app-main/node_modules/@react-native-firebase/auth/android/src/main/java/io/invertase/firebase/auth/ReactNativeFirebaseAuthModule.java uses unchecked or unsafe operations.
Note: Recompile with -Xlint:unchecked for details.

> Task :react-native-firebase_auth:bundleLibCompileToJarDebug
> Task :react-native-reanimated:generateDebugBuildConfig
> Task :react-native-reanimated:javaPreCompileDebug
> Task :react-native-reanimated:packageNdkLibs NO-SOURCE

> Task :react-native-reanimated:compileDebugJavaWithJavac
Note: Some input files use or override a deprecated API.
Note: Recompile with -Xlint:deprecation for details.
Note: Some input files use unchecked or unsafe operations.
Note: Recompile with -Xlint:unchecked for details.

> Task :react-native-google-signin_google-signin:checkKotlinGradlePluginConfigurationErrors
> Task :react-native-gesture-handler:javaPreCompileDebug
> Task :react-native-reanimated:bundleLibCompileToJarDebug
> Task :react-native-google-signin_google-signin:generateDebugBuildConfig
> Task :react-native-keyboard-controller:checkKotlinGradlePluginConfigurationErrors
> Task :react-native-google-signin_google-signin:javaPreCompileDebug
> Task :react-native-keyboard-controller:generateDebugBuildConfig
> Task :react-native-keyboard-controller:javaPreCompileDebug
> Task :react-native-linear-gradient:generateDebugBuildConfig
> Task :react-native-linear-gradient:javaPreCompileDebug
> Task :react-native-localize:generateDebugBuildConfig
> Task :react-native-linear-gradient:compileDebugJavaWithJavac
> Task :react-native-linear-gradient:bundleLibCompileToJarDebug
> Task :react-native-localize:javaPreCompileDebug
> Task :react-native-masked-view_masked-view:generateDebugBuildConfig
> Task :react-native-google-signin_google-signin:compileDebugKotlin

> Task :react-native-localize:compileDebugJavaWithJavac
Note: Some input files use or override a deprecated API.
Note: Recompile with -Xlint:deprecation for details.

> Task :react-native-google-signin_google-signin:compileDebugJavaWithJavac
Note: Some input files use or override a deprecated API.
Note: Recompile with -Xlint:deprecation for details.
Note: /Users/basith/Documents/whatsay-app-main/node_modules/@react-native-google-signin/google-signin/android/src/main/java/com/reactnativegooglesignin/RNGoogleSigninModule.java uses unchecked or unsafe operations.
Note: Recompile with -Xlint:unchecked for details.

> Task :react-native-google-signin_google-signin:bundleLibCompileToJarDebug
> Task :react-native-safe-area-context:checkKotlinGradlePluginConfigurationErrors
> Task :react-native-localize:bundleLibCompileToJarDebug
> Task :react-native-masked-view_masked-view:javaPreCompileDebug
> Task :react-native-masked-view_masked-view:compileDebugJavaWithJavac
> Task :react-native-masked-view_masked-view:bundleLibCompileToJarDebug
> Task :react-native-safe-area-context:generateDebugBuildConfig
> Task :react-native-screens:checkKotlinGradlePluginConfigurationErrors
> Task :react-native-safe-area-context:javaPreCompileDebug
> Task :react-native-screens:generateDebugBuildConfig
> Task :react-native-screens:javaPreCompileDebug
> Task :react-native-svg:generateDebugBuildConfig
> Task :react-native-svg:javaPreCompileDebug
> Task :react-native-vector-icons:generateDebugBuildConfig

> Task :react-native-svg:compileDebugJavaWithJavac
Note: Some input files use or override a deprecated API.
Note: Recompile with -Xlint:deprecation for details.
Note: Some input files use unchecked or unsafe operations.
Note: Recompile with -Xlint:unchecked for details.

> Task :react-native-vector-icons:javaPreCompileDebug
> Task :app:javaPreCompileDebug
> Task :react-native-svg:bundleLibCompileToJarDebug

> Task :react-native-safe-area-context:compileDebugKotlin
w: file:///Users/basith/Documents/whatsay-app-main/node_modules/react-native-safe-area-context/android/src/main/java/com/th3rdwave/safeareacontext/SafeAreaContextPackage.kt:27:11 'constructor ReactModuleInfo(String!, String!, Boolean, Boolean, Boolean, Boolean, Boolean)' is deprecated. Deprecated in Java
w: file:///Users/basith/Documents/whatsay-app-main/node_modules/react-native-safe-area-context/android/src/main/java/com/th3rdwave/safeareacontext/SafeAreaContextPackage.kt:33:27 'hasConstants: Boolean' is deprecated. Deprecated in Java
w: file:///Users/basith/Documents/whatsay-app-main/node_modules/react-native-safe-area-context/android/src/main/java/com/th3rdwave/safeareacontext/SafeAreaView.kt:59:23 'getter for uiImplementation: UIImplementation!' is deprecated. Deprecated in Java

> Task :react-native-vector-icons:compileDebugJavaWithJavac
Note: Some input files use or override a deprecated API.
Note: Recompile with -Xlint:deprecation for details.

> Task :react-native-safe-area-context:compileDebugJavaWithJavac
Note: /Users/basith/Documents/whatsay-app-main/node_modules/react-native-safe-area-context/android/src/paper/java/com/th3rdwave/safeareacontext/NativeSafeAreaContextSpec.java uses or overrides a deprecated API.
Note: Recompile with -Xlint:deprecation for details.

> Task :react-native-vector-icons:bundleLibCompileToJarDebug
> Task :react-native-safe-area-context:bundleLibCompileToJarDebug
> Task :app:mergeDebugShaders
> Task :app:compileDebugShaders NO-SOURCE
> Task :app:copyReactNativeVectorIconFonts
> Task :app:generateDebugAssets
> Task :expo:mergeDebugShaders
> Task :expo:compileDebugShaders NO-SOURCE
> Task :expo:generateDebugAssets UP-TO-DATE
> Task :expo:packageDebugAssets
> Task :expo-asset:mergeDebugShaders
> Task :expo-asset:compileDebugShaders NO-SOURCE
> Task :expo-asset:generateDebugAssets UP-TO-DATE
> Task :expo-asset:packageDebugAssets
> Task :expo-blur:mergeDebugShaders
> Task :expo-blur:compileDebugShaders NO-SOURCE
> Task :expo-blur:generateDebugAssets UP-TO-DATE
> Task :expo-blur:packageDebugAssets
> Task :expo-constants:mergeDebugShaders
> Task :expo-constants:compileDebugShaders NO-SOURCE
> Task :expo-constants:generateDebugAssets UP-TO-DATE
> Task :expo-constants:packageDebugAssets
> Task :expo-dev-client:mergeDebugShaders
> Task :expo-dev-client:compileDebugShaders NO-SOURCE
> Task :expo-dev-client:generateDebugAssets UP-TO-DATE
> Task :expo-dev-client:packageDebugAssets
> Task :expo-dev-launcher:mergeDebugShaders
> Task :expo-dev-launcher:compileDebugShaders NO-SOURCE
> Task :expo-dev-launcher:copyAssets NO-SOURCE
> Task :expo-dev-launcher:generateDebugAssets UP-TO-DATE
> Task :expo-dev-launcher:packageDebugAssets
> Task :expo-dev-menu:mergeDebugShaders
> Task :expo-dev-menu:compileDebugShaders NO-SOURCE
> Task :expo-dev-menu:clenupAssets UP-TO-DATE
> Task :expo-dev-menu:copyAssets
> Task :expo-dev-menu:generateDebugAssets UP-TO-DATE
> Task :expo-dev-menu:packageDebugAssets
> Task :expo-dev-menu-interface:mergeDebugShaders
> Task :expo-dev-menu-interface:compileDebugShaders NO-SOURCE
> Task :expo-dev-menu-interface:generateDebugAssets UP-TO-DATE
> Task :expo-dev-menu-interface:packageDebugAssets
> Task :expo-file-system:mergeDebugShaders
> Task :expo-file-system:compileDebugShaders NO-SOURCE
> Task :expo-file-system:generateDebugAssets UP-TO-DATE
> Task :expo-file-system:packageDebugAssets
> Task :expo-font:mergeDebugShaders
> Task :expo-font:compileDebugShaders NO-SOURCE
> Task :expo-font:generateDebugAssets UP-TO-DATE
> Task :expo-font:packageDebugAssets
> Task :expo-image-loader:mergeDebugShaders
> Task :expo-image-loader:compileDebugShaders NO-SOURCE
> Task :expo-image-loader:generateDebugAssets UP-TO-DATE
> Task :expo-image-loader:packageDebugAssets
> Task :expo-image-picker:mergeDebugShaders
> Task :expo-image-picker:compileDebugShaders NO-SOURCE
> Task :expo-image-picker:generateDebugAssets UP-TO-DATE
> Task :expo-image-picker:packageDebugAssets
> Task :expo-json-utils:mergeDebugShaders
> Task :expo-json-utils:compileDebugShaders NO-SOURCE
> Task :expo-json-utils:generateDebugAssets UP-TO-DATE
> Task :expo-json-utils:packageDebugAssets
> Task :expo-keep-awake:mergeDebugShaders
> Task :expo-keep-awake:compileDebugShaders NO-SOURCE
> Task :expo-keep-awake:generateDebugAssets UP-TO-DATE
> Task :expo-keep-awake:packageDebugAssets
> Task :expo-linear-gradient:mergeDebugShaders
> Task :expo-linear-gradient:compileDebugShaders NO-SOURCE
> Task :expo-linear-gradient:generateDebugAssets UP-TO-DATE
> Task :expo-linear-gradient:packageDebugAssets
> Task :expo-location:mergeDebugShaders
> Task :expo-location:compileDebugShaders NO-SOURCE
> Task :expo-location:generateDebugAssets UP-TO-DATE
> Task :expo-location:packageDebugAssets
> Task :expo-manifests:mergeDebugShaders
> Task :expo-manifests:compileDebugShaders NO-SOURCE
> Task :expo-manifests:generateDebugAssets UP-TO-DATE
> Task :expo-manifests:packageDebugAssets
> Task :expo-modules-core:mergeDebugShaders
> Task :expo-modules-core:compileDebugShaders NO-SOURCE
> Task :expo-modules-core:generateDebugAssets UP-TO-DATE
> Task :expo-modules-core:packageDebugAssets
> Task :expo-splash-screen:mergeDebugShaders
> Task :expo-splash-screen:compileDebugShaders NO-SOURCE
> Task :expo-splash-screen:generateDebugAssets UP-TO-DATE
> Task :expo-splash-screen:packageDebugAssets
> Task :expo-system-ui:mergeDebugShaders
> Task :expo-system-ui:compileDebugShaders NO-SOURCE
> Task :expo-system-ui:generateDebugAssets UP-TO-DATE
> Task :expo-system-ui:packageDebugAssets
> Task :expo-updates-interface:mergeDebugShaders
> Task :expo-updates-interface:compileDebugShaders NO-SOURCE
> Task :expo-updates-interface:generateDebugAssets UP-TO-DATE
> Task :expo-updates-interface:packageDebugAssets
> Task :expo-web-browser:mergeDebugShaders
> Task :expo-web-browser:compileDebugShaders NO-SOURCE
> Task :expo-web-browser:generateDebugAssets UP-TO-DATE
> Task :expo-web-browser:packageDebugAssets
> Task :lottie-react-native:mergeDebugShaders
> Task :lottie-react-native:compileDebugShaders NO-SOURCE
> Task :lottie-react-native:generateDebugAssets UP-TO-DATE
> Task :lottie-react-native:packageDebugAssets
> Task :react-native-async-storage_async-storage:mergeDebugShaders
> Task :react-native-async-storage_async-storage:compileDebugShaders NO-SOURCE
> Task :react-native-async-storage_async-storage:generateDebugAssets UP-TO-DATE
> Task :react-native-async-storage_async-storage:packageDebugAssets
> Task :react-native-firebase_app:mergeDebugShaders
> Task :react-native-firebase_app:compileDebugShaders NO-SOURCE
> Task :react-native-firebase_app:generateDebugAssets UP-TO-DATE
> Task :react-native-firebase_app:packageDebugAssets
> Task :react-native-firebase_auth:mergeDebugShaders
> Task :react-native-firebase_auth:compileDebugShaders NO-SOURCE
> Task :react-native-firebase_auth:generateDebugAssets UP-TO-DATE
> Task :react-native-firebase_auth:packageDebugAssets
> Task :react-native-gesture-handler:mergeDebugShaders
> Task :react-native-gesture-handler:compileDebugShaders NO-SOURCE
> Task :react-native-gesture-handler:generateDebugAssets UP-TO-DATE
> Task :react-native-gesture-handler:packageDebugAssets
> Task :react-native-google-signin_google-signin:mergeDebugShaders
> Task :react-native-google-signin_google-signin:compileDebugShaders NO-SOURCE
> Task :react-native-google-signin_google-signin:generateDebugAssets UP-TO-DATE
> Task :react-native-google-signin_google-signin:packageDebugAssets
> Task :react-native-keyboard-controller:mergeDebugShaders
> Task :react-native-keyboard-controller:compileDebugShaders NO-SOURCE
> Task :react-native-keyboard-controller:generateDebugAssets UP-TO-DATE
> Task :react-native-keyboard-controller:packageDebugAssets
> Task :react-native-linear-gradient:mergeDebugShaders
> Task :react-native-linear-gradient:compileDebugShaders NO-SOURCE
> Task :react-native-linear-gradient:generateDebugAssets UP-TO-DATE
> Task :react-native-linear-gradient:packageDebugAssets
> Task :react-native-localize:mergeDebugShaders
> Task :react-native-localize:compileDebugShaders NO-SOURCE
> Task :react-native-localize:generateDebugAssets UP-TO-DATE
> Task :react-native-localize:packageDebugAssets
> Task :react-native-masked-view_masked-view:mergeDebugShaders
> Task :react-native-masked-view_masked-view:compileDebugShaders NO-SOURCE
> Task :react-native-masked-view_masked-view:generateDebugAssets UP-TO-DATE
> Task :react-native-masked-view_masked-view:packageDebugAssets
> Task :react-native-reanimated:mergeDebugShaders
> Task :react-native-reanimated:compileDebugShaders NO-SOURCE
> Task :react-native-reanimated:generateDebugAssets UP-TO-DATE
> Task :react-native-reanimated:packageDebugAssets
> Task :react-native-safe-area-context:mergeDebugShaders
> Task :react-native-safe-area-context:compileDebugShaders NO-SOURCE
> Task :react-native-safe-area-context:generateDebugAssets UP-TO-DATE
> Task :react-native-safe-area-context:packageDebugAssets
> Task :react-native-screens:mergeDebugShaders
> Task :react-native-screens:compileDebugShaders NO-SOURCE
> Task :react-native-screens:generateDebugAssets UP-TO-DATE
> Task :react-native-screens:packageDebugAssets
> Task :react-native-svg:mergeDebugShaders
> Task :react-native-svg:compileDebugShaders NO-SOURCE
> Task :react-native-svg:generateDebugAssets UP-TO-DATE
> Task :react-native-svg:packageDebugAssets
> Task :react-native-vector-icons:mergeDebugShaders
> Task :react-native-vector-icons:compileDebugShaders NO-SOURCE
> Task :react-native-vector-icons:generateDebugAssets UP-TO-DATE
> Task :react-native-vector-icons:packageDebugAssets

> Task :react-native-keyboard-controller:compileDebugKotlin
w: file:///Users/basith/Documents/whatsay-app-main/node_modules/react-native-keyboard-controller/android/src/main/java/com/reactnativekeyboardcontroller/KeyboardControllerPackage.kt:37:9 'constructor ReactModuleInfo(String!, String!, Boolean, Boolean, Boolean, Boolean, Boolean)' is deprecated. Deprecated in Java
w: file:///Users/basith/Documents/whatsay-app-main/node_modules/react-native-keyboard-controller/android/src/main/java/com/reactnativekeyboardcontroller/KeyboardControllerPackage.kt:47:9 'constructor ReactModuleInfo(String!, String!, Boolean, Boolean, Boolean, Boolean, Boolean)' is deprecated. Deprecated in Java
w: file:///Users/basith/Documents/whatsay-app-main/node_modules/react-native-keyboard-controller/android/src/main/java/com/reactnativekeyboardcontroller/extensions/EditText.kt:67:42 Unchecked cast: kotlin.collections.ArrayList<*>? /* = java.util.ArrayList<*>? */ to kotlin.collections.ArrayList<TextWatcher> /* = java.util.ArrayList<TextWatcher> */
w: file:///Users/basith/Documents/whatsay-app-main/node_modules/react-native-keyboard-controller/android/src/main/java/com/reactnativekeyboardcontroller/interactive/KeyboardAnimationController.kt:89:16 'getWindowInsetsController(View): WindowInsetsControllerCompat?' is deprecated. Deprecated in Java
w: file:///Users/basith/Documents/whatsay-app-main/node_modules/react-native-keyboard-controller/android/src/main/java/com/reactnativekeyboardcontroller/listeners/FocusedInputObserver.kt:56:30 Parameter 'v' is never used, could be renamed to _
w: file:///Users/basith/Documents/whatsay-app-main/node_modules/react-native-keyboard-controller/android/src/main/java/com/reactnativekeyboardcontroller/listeners/FocusedInputObserver.kt:56:33 Parameter 'left' is never used, could be renamed to _
w: file:///Users/basith/Documents/whatsay-app-main/node_modules/react-native-keyboard-controller/android/src/main/java/com/reactnativekeyboardcontroller/listeners/FocusedInputObserver.kt:56:39 Parameter 'top' is never used, could be renamed to _
w: file:///Users/basith/Documents/whatsay-app-main/node_modules/react-native-keyboard-controller/android/src/main/java/com/reactnativekeyboardcontroller/listeners/FocusedInputObserver.kt:56:44 Parameter 'right' is never used, could be renamed to _
w: file:///Users/basith/Documents/whatsay-app-main/node_modules/react-native-keyboard-controller/android/src/main/java/com/reactnativekeyboardcontroller/listeners/FocusedInputObserver.kt:56:51 Parameter 'bottom' is never used, could be renamed to _
w: file:///Users/basith/Documents/whatsay-app-main/node_modules/react-native-keyboard-controller/android/src/main/java/com/reactnativekeyboardcontroller/listeners/FocusedInputObserver.kt:56:59 Parameter 'oldLeft' is never used, could be renamed to _
w: file:///Users/basith/Documents/whatsay-app-main/node_modules/react-native-keyboard-controller/android/src/main/java/com/reactnativekeyboardcontroller/listeners/FocusedInputObserver.kt:56:68 Parameter 'oldTop' is never used, could be renamed to _
w: file:///Users/basith/Documents/whatsay-app-main/node_modules/react-native-keyboard-controller/android/src/main/java/com/reactnativekeyboardcontroller/listeners/FocusedInputObserver.kt:56:76 Parameter 'oldRight' is never used, could be renamed to _
w: file:///Users/basith/Documents/whatsay-app-main/node_modules/react-native-keyboard-controller/android/src/main/java/com/reactnativekeyboardcontroller/listeners/FocusedInputObserver.kt:56:86 Parameter 'oldBottom' is never used, could be renamed to _
w: file:///Users/basith/Documents/whatsay-app-main/node_modules/react-native-keyboard-controller/android/src/main/java/com/reactnativekeyboardcontroller/managers/KeyboardControllerViewManagerImpl.kt:10:3 Parameter 'mReactContext' is never used
w: file:///Users/basith/Documents/whatsay-app-main/node_modules/react-native-keyboard-controller/android/src/main/java/com/reactnativekeyboardcontroller/managers/KeyboardGestureAreaViewManagerImpl.kt:9:3 Parameter 'mReactContext' is never used
w: file:///Users/basith/Documents/whatsay-app-main/node_modules/react-native-keyboard-controller/android/src/main/java/com/reactnativekeyboardcontroller/managers/OverKeyboardViewManagerImpl.kt:9:3 Parameter 'mReactContext' is never used
w: file:///Users/basith/Documents/whatsay-app-main/node_modules/react-native-keyboard-controller/android/src/main/java/com/reactnativekeyboardcontroller/views/EdgeToEdgeReactViewGroup.kt:116:23 'replaceSystemWindowInsets(Int, Int, Int, Int): WindowInsetsCompat' is deprecated. Deprecated in Java
w: file:///Users/basith/Documents/whatsay-app-main/node_modules/react-native-keyboard-controller/android/src/main/java/com/reactnativekeyboardcontroller/views/EdgeToEdgeReactViewGroup.kt:117:25 'getter for systemWindowInsetLeft: Int' is deprecated. Deprecated in Java
w: file:///Users/basith/Documents/whatsay-app-main/node_modules/react-native-keyboard-controller/android/src/main/java/com/reactnativekeyboardcontroller/views/EdgeToEdgeReactViewGroup.kt:118:65 'getter for systemWindowInsetTop: Int' is deprecated. Deprecated in Java
w: file:///Users/basith/Documents/whatsay-app-main/node_modules/react-native-keyboard-controller/android/src/main/java/com/reactnativekeyboardcontroller/views/EdgeToEdgeReactViewGroup.kt:119:25 'getter for systemWindowInsetRight: Int' is deprecated. Deprecated in Java
w: file:///Users/basith/Documents/whatsay-app-main/node_modules/react-native-keyboard-controller/android/src/main/java/com/reactnativekeyboardcontroller/views/EdgeToEdgeReactViewGroup.kt:120:25 'getter for systemWindowInsetBottom: Int' is deprecated. Deprecated in Java
w: file:///Users/basith/Documents/whatsay-app-main/node_modules/react-native-keyboard-controller/android/src/main/java/com/reactnativekeyboardcontroller/views/overlay/OverKeyboardViewGroup.kt:10:34 'ReactFeatureFlags' is deprecated. Deprecated in Java
w: file:///Users/basith/Documents/whatsay-app-main/node_modules/react-native-keyboard-controller/android/src/main/java/com/reactnativekeyboardcontroller/views/overlay/OverKeyboardViewGroup.kt:108:9 'ReactFeatureFlags' is deprecated. Deprecated in Java
w: file:///Users/basith/Documents/whatsay-app-main/node_modules/react-native-keyboard-controller/android/src/paper/java/com/reactnativekeyboardcontroller/KeyboardControllerModule.kt:37:19 Parameter 'eventName' is never used
w: file:///Users/basith/Documents/whatsay-app-main/node_modules/react-native-keyboard-controller/android/src/paper/java/com/reactnativekeyboardcontroller/KeyboardControllerModule.kt:43:23 Parameter 'count' is never used

> Task :react-native-gesture-handler:compileDebugKotlin
> Task :app:mergeDebugAssets
> Task :react-native-screens:compileDebugKotlin
> Task :react-native-keyboard-controller:compileDebugJavaWithJavac
> Task :react-native-keyboard-controller:bundleLibCompileToJarDebug
> Task :react-native-vector-icons:bundleLibRuntimeToJarDebug
> Task :react-native-firebase_auth:bundleLibRuntimeToJarDebug
> Task :react-native-firebase_app:bundleLibRuntimeToJarDebug
> Task :app:compressDebugAssets
> Task :react-native-async-storage_async-storage:bundleLibRuntimeToJarDebug
> Task :react-native-google-signin_google-signin:bundleLibRuntimeToJarDebug
> Task :react-native-masked-view_masked-view:bundleLibRuntimeToJarDebug
> Task :lottie-react-native:bundleLibRuntimeToJarDebug
> Task :react-native-reanimated:bundleLibRuntimeToJarDebug
> Task :react-native-keyboard-controller:bundleLibRuntimeToJarDebug
> Task :react-native-linear-gradient:bundleLibRuntimeToJarDebug
> Task :react-native-localize:bundleLibRuntimeToJarDebug
> Task :react-native-safe-area-context:bundleLibRuntimeToJarDebug
> Task :react-native-svg:bundleLibRuntimeToJarDebug

> Task :react-native-gesture-handler:compileDebugKotlin
w: file:///Users/basith/Documents/whatsay-app-main/node_modules/react-native-gesture-handler/android/src/main/java/com/swmansion/gesturehandler/RNGestureHandlerPackage.kt:69:42 'constructor ReactModuleInfo(String!, String!, Boolean, Boolean, Boolean, Boolean, Boolean)' is deprecated. Deprecated in Java
w: file:///Users/basith/Documents/whatsay-app-main/node_modules/react-native-gesture-handler/android/src/main/java/com/swmansion/gesturehandler/core/FlingGestureHandler.kt:25:26 Parameter 'event' is never used

> Task :react-native-screens:compileDebugKotlin
w: file:///Users/basith/Documents/whatsay-app-main/node_modules/react-native-screens/android/src/main/java/com/swmansion/rnscreens/RNScreensPackage.kt:42:47 'constructor ReactModuleInfo(String!, String!, Boolean, Boolean, Boolean, Boolean, Boolean)' is deprecated. Deprecated in Java
w: file:///Users/basith/Documents/whatsay-app-main/node_modules/react-native-screens/android/src/main/java/com/swmansion/rnscreens/ScreenContainer.kt:30:53 'FrameCallback' is deprecated. Deprecated in Java
w: file:///Users/basith/Documents/whatsay-app-main/node_modules/react-native-screens/android/src/main/java/com/swmansion/rnscreens/ScreenContainer.kt:30:98 'FrameCallback' is deprecated. Deprecated in Java
w: file:///Users/basith/Documents/whatsay-app-main/node_modules/react-native-screens/android/src/main/java/com/swmansion/rnscreens/ScreenStackFragment.kt:65:27 'setter for targetElevation: Float' is deprecated. Deprecated in Java
w: file:///Users/basith/Documents/whatsay-app-main/node_modules/react-native-screens/android/src/main/java/com/swmansion/rnscreens/ScreenStackFragment.kt:128:27 'setter for targetElevation: Float' is deprecated. Deprecated in Java
w: file:///Users/basith/Documents/whatsay-app-main/node_modules/react-native-screens/android/src/main/java/com/swmansion/rnscreens/ScreenStackHeaderConfig.kt:86:34 'getter for systemWindowInsetTop: Int' is deprecated. Deprecated in Java
w: file:///Users/basith/Documents/whatsay-app-main/node_modules/react-native-screens/android/src/main/java/com/swmansion/rnscreens/ScreenStackHeaderConfig.kt:231:37 'setColorFilter(Int, PorterDuff.Mode): Unit' is deprecated. Deprecated in Java
w: file:///Users/basith/Documents/whatsay-app-main/node_modules/react-native-screens/android/src/main/java/com/swmansion/rnscreens/ScreenViewManager.kt:47:42 'setStateWrapper(StateWrapper!): Unit' is deprecated. Deprecated in Java
w: file:///Users/basith/Documents/whatsay-app-main/node_modules/react-native-screens/android/src/main/java/com/swmansion/rnscreens/ScreenWindowTraits.kt:135:47 'replaceSystemWindowInsets(Int, Int, Int, Int): WindowInsetsCompat' is deprecated. Deprecated in Java
w: file:///Users/basith/Documents/whatsay-app-main/node_modules/react-native-screens/android/src/main/java/com/swmansion/rnscreens/ScreenWindowTraits.kt:136:51 'getter for systemWindowInsetLeft: Int' is deprecated. Deprecated in Java
w: file:///Users/basith/Documents/whatsay-app-main/node_modules/react-native-screens/android/src/main/java/com/swmansion/rnscreens/ScreenWindowTraits.kt:138:51 'getter for systemWindowInsetRight: Int' is deprecated. Deprecated in Java
w: file:///Users/basith/Documents/whatsay-app-main/node_modules/react-native-screens/android/src/main/java/com/swmansion/rnscreens/ScreenWindowTraits.kt:139:51 'getter for systemWindowInsetBottom: Int' is deprecated. Deprecated in Java
w: file:///Users/basith/Documents/whatsay-app-main/node_modules/react-native-screens/android/src/main/java/com/swmansion/rnscreens/SearchBarManager.kt:100:22 Parameter 'view' is never used
w: file:///Users/basith/Documents/whatsay-app-main/node_modules/react-native-screens/android/src/main/java/com/swmansion/rnscreens/SearchBarManager.kt:100:43 Parameter 'placeholder' is never used
w: file:///Users/basith/Documents/whatsay-app-main/node_modules/react-native-screens/android/src/main/java/com/swmansion/rnscreens/SearchBarView.kt:147:43 Parameter 'flag' is never used
w: file:///Users/basith/Documents/whatsay-app-main/node_modules/react-native-screens/android/src/main/java/com/swmansion/rnscreens/events/HeaderHeightChangeEvent.kt:6:44 'RCTEventEmitter' is deprecated. Deprecated in Java
w: file:///Users/basith/Documents/whatsay-app-main/node_modules/react-native-screens/android/src/paper/java/com/swmansion/rnscreens/FabricEnabledViewGroup.kt:5:37 'FabricViewStateManager' is deprecated. Deprecated in Java
w: file:///Users/basith/Documents/whatsay-app-main/node_modules/react-native-screens/android/src/paper/java/com/swmansion/rnscreens/FabricEnabledViewGroup.kt:9:48 'FabricViewStateManager' is deprecated. Deprecated in Java
w: file:///Users/basith/Documents/whatsay-app-main/node_modules/react-native-screens/android/src/paper/java/com/swmansion/rnscreens/FabricEnabledViewGroup.kt:11:42 Parameter 'width' is never used
w: file:///Users/basith/Documents/whatsay-app-main/node_modules/react-native-screens/android/src/paper/java/com/swmansion/rnscreens/FabricEnabledViewGroup.kt:11:54 Parameter 'height' is never used
w: file:///Users/basith/Documents/whatsay-app-main/node_modules/react-native-screens/android/src/paper/java/com/swmansion/rnscreens/FabricEnabledViewGroup.kt:11:67 Parameter 'headerHeight' is never used

> Task :app:desugarDebugFileDependencies
> Task :react-native-gesture-handler:compileDebugJavaWithJavac
> Task :react-native-gesture-handler:bundleLibCompileToJarDebug

> Task :react-native-screens:compileDebugJavaWithJavac
Note: /Users/basith/Documents/whatsay-app-main/node_modules/react-native-screens/android/src/paper/java/com/swmansion/rnscreens/NativeScreensModuleSpec.java uses or overrides a deprecated API.
Note: Recompile with -Xlint:deprecation for details.

> Task :react-native-screens:bundleLibCompileToJarDebug
> Task :react-native-gesture-handler:bundleLibRuntimeToJarDebug
> Task :react-native-screens:bundleLibRuntimeToJarDebug
> Task :lottie-react-native:processDebugJavaRes
> Task :react-native-async-storage_async-storage:processDebugJavaRes NO-SOURCE
> Task :react-native-firebase_app:processDebugJavaRes NO-SOURCE
> Task :react-native-firebase_auth:processDebugJavaRes NO-SOURCE
> Task :react-native-gesture-handler:processDebugJavaRes
> Task :react-native-google-signin_google-signin:processDebugJavaRes
> Task :react-native-keyboard-controller:processDebugJavaRes
> Task :react-native-linear-gradient:processDebugJavaRes NO-SOURCE
> Task :react-native-localize:processDebugJavaRes NO-SOURCE
> Task :react-native-masked-view_masked-view:processDebugJavaRes NO-SOURCE
> Task :react-native-reanimated:processDebugJavaRes NO-SOURCE
> Task :react-native-safe-area-context:processDebugJavaRes
> Task :react-native-screens:processDebugJavaRes
> Task :react-native-svg:processDebugJavaRes NO-SOURCE
> Task :react-native-vector-icons:processDebugJavaRes NO-SOURCE
> Task :app:mergeDebugJniLibFolders
> Task :expo:mergeDebugJniLibFolders
> Task :expo:mergeDebugNativeLibs NO-SOURCE
> Task :app:checkDebugDuplicateClasses
> Task :expo:copyDebugJniLibsProjectOnly

> Task :expo-modules-core:compileDebugKotlin
w: file:///Users/basith/Documents/whatsay-app-main/node_modules/expo-modules-core/android/src/main/java/expo/modules/adapters/react/permissions/PermissionsService.kt:20:26 'Promise' is deprecated. AsyncFunction will crash when called. Use expo.modules.kotlin.Promise instead
w: file:///Users/basith/Documents/whatsay-app-main/node_modules/expo-modules-core/android/src/main/java/expo/modules/adapters/react/permissions/PermissionsService.kt:63:51 'Promise' is deprecated. AsyncFunction will crash when called. Use expo.modules.kotlin.Promise instead
w: file:///Users/basith/Documents/whatsay-app-main/node_modules/expo-modules-core/android/src/main/java/expo/modules/adapters/react/permissions/PermissionsService.kt:90:54 'Promise' is deprecated. AsyncFunction will crash when called. Use expo.modules.kotlin.Promise instead
w: file:///Users/basith/Documents/whatsay-app-main/node_modules/expo-modules-core/android/src/main/java/expo/modules/kotlin/defaultmodules/CoreModule.kt:6:34 'ReactFeatureFlags' is deprecated. Deprecated in Java
w: file:///Users/basith/Documents/whatsay-app-main/node_modules/expo-modules-core/android/src/main/java/expo/modules/kotlin/defaultmodules/CoreModule.kt:70:12 'ReactFeatureFlags' is deprecated. Deprecated in Java
w: file:///Users/basith/Documents/whatsay-app-main/node_modules/expo-modules-core/android/src/main/java/expo/modules/kotlin/events/KModuleEventEmitterWrapper.kt:97:7 'constructor Event<T : Event<(raw) Event<*>>!>(Int)' is deprecated. Deprecated in Java
w: file:///Users/basith/Documents/whatsay-app-main/node_modules/expo-modules-core/android/src/main/java/expo/modules/kotlin/types/JSTypeConverterHelper.kt:44:17 'get(String!): Any?' is deprecated. Deprecated in Java

Failed to execute org.gradle.cache.internal.AsyncCacheAccessDecoratedCache$$Lambda$510/0x000000c80143ea28@2eb98841.
org.gradle.api.UncheckedIOException: Could not add entry '4bfe289b8c26f0c0978931dceba8864f' to cache resourceHashesCache.bin (/Users/basith/.gradle/caches/8.8/fileHashes/resourceHashesCache.bin).
	at org.gradle.cache.internal.btree.BTreePersistentIndexedCache.put(BTreePersistentIndexedCache.java:162)
	at org.gradle.cache.internal.DefaultMultiProcessSafeIndexedCache.lambda$put$1(DefaultMultiProcessSafeIndexedCache.java:67)
	at org.gradle.cache.internal.DefaultFileLockManager$DefaultFileLock.doWriteAction(DefaultFileLockManager.java:216)
	at org.gradle.cache.internal.DefaultFileLockManager$DefaultFileLock.writeFile(DefaultFileLockManager.java:206)
	at org.gradle.cache.internal.DefaultCacheCoordinator$UnitOfWorkFileAccess.writeFile(DefaultCacheCoordinator.java:472)
	at org.gradle.cache.internal.DefaultMultiProcessSafeIndexedCache.put(DefaultMultiProcessSafeIndexedCache.java:67)
	at org.gradle.cache.internal.AsyncCacheAccessDecoratedCache.lambda$putLater$1(AsyncCacheAccessDecoratedCache.java:56)
	at org.gradle.internal.concurrent.ExecutorPolicy$CatchAndRecordFailures.onExecute(ExecutorPolicy.java:64)
	at org.gradle.cache.internal.ExclusiveCacheAccessingWorker$2.run(ExclusiveCacheAccessingWorker.java:185)
	at org.gradle.internal.Factories$1.create(Factories.java:31)
	at org.gradle.cache.internal.DefaultCacheCoordinator.useCache(DefaultCacheCoordinator.java:248)
	at org.gradle.cache.internal.DefaultCacheCoordinator.useCache(DefaultCacheCoordinator.java:229)
	at org.gradle.cache.internal.ExclusiveCacheAccessingWorker.flushOperations(ExclusiveCacheAccessingWorker.java:175)
	at org.gradle.cache.internal.ExclusiveCacheAccessingWorker.run(ExclusiveCacheAccessingWorker.java:145)
	at org.gradle.internal.concurrent.ExecutorPolicy$CatchAndRecordFailures.onExecute(ExecutorPolicy.java:64)
	at org.gradle.internal.concurrent.AbstractManagedExecutor$1.run(AbstractManagedExecutor.java:47)
	at java.base/java.util.concurrent.ThreadPoolExecutor.runWorker(ThreadPoolExecutor.java:1136)
	at java.base/java.util.concurrent.ThreadPoolExecutor$Worker.run(ThreadPoolExecutor.java:635)
	at java.base/java.lang.Thread.run(Thread.java:840)
Caused by: org.gradle.api.UncheckedIOException: java.io.IOException: No space left on device
	at org.gradle.cache.internal.btree.FileBackedBlockStore.write(FileBackedBlockStore.java:140)
	at org.gradle.cache.internal.btree.CachingBlockStore.flush(CachingBlockStore.java:64)
	at org.gradle.cache.internal.btree.FreeListBlockStore.flush(FreeListBlockStore.java:103)
	at org.gradle.cache.internal.btree.StateCheckBlockStore.flush(StateCheckBlockStore.java:85)
	at org.gradle.cache.internal.btree.BTreePersistentIndexedCache.put(BTreePersistentIndexedCache.java:160)
	... 18 more
Caused by: java.io.IOException: No space left on device
	at java.base/java.io.RandomAccessFile.writeBytes(Native Method)
	at java.base/java.io.RandomAccessFile.write(RandomAccessFile.java:558)
	at org.gradle.internal.io.RandomAccessFileOutputStream.write(RandomAccessFileOutputStream.java:46)
	at java.base/java.io.BufferedOutputStream.flushBuffer(BufferedOutputStream.java:81)
	at java.base/java.io.BufferedOutputStream.flush(BufferedOutputStream.java:142)
	at java.base/java.io.FilterOutputStream.flush(FilterOutputStream.java:153)
	at org.gradle.cache.internal.btree.ByteOutput.done(ByteOutput.java:62)
	at org.gradle.cache.internal.btree.FileBackedBlockStore$BlockImpl.write(FileBackedBlockStore.java:223)
	at org.gradle.cache.internal.btree.FileBackedBlockStore.write(FileBackedBlockStore.java:136)
	... 22 more
Failed to execute org.gradle.cache.internal.AsyncCacheAccessDecoratedCache$$Lambda$510/0x000000c80143ea28@693983a3.
org.gradle.api.UncheckedIOException: Could not add entry '2eb7408d184aed4ba7521af5b252fe16' to cache resourceHashesCache.bin (/Users/basith/.gradle/caches/8.8/fileHashes/resourceHashesCache.bin).
	at org.gradle.cache.internal.btree.BTreePersistentIndexedCache.put(BTreePersistentIndexedCache.java:162)
	at org.gradle.cache.internal.DefaultMultiProcessSafeIndexedCache.lambda$put$1(DefaultMultiProcessSafeIndexedCache.java:67)
	at org.gradle.cache.internal.DefaultFileLockManager$DefaultFileLock.doWriteAction(DefaultFileLockManager.java:216)
	at org.gradle.cache.internal.DefaultFileLockManager$DefaultFileLock.writeFile(DefaultFileLockManager.java:206)
	at org.gradle.cache.internal.DefaultCacheCoordinator$UnitOfWorkFileAccess.writeFile(DefaultCacheCoordinator.java:472)
	at org.gradle.cache.internal.DefaultMultiProcessSafeIndexedCache.put(DefaultMultiProcessSafeIndexedCache.java:67)
	at org.gradle.cache.internal.AsyncCacheAccessDecoratedCache.lambda$putLater$1(AsyncCacheAccessDecoratedCache.java:56)
	at org.gradle.internal.concurrent.ExecutorPolicy$CatchAndRecordFailures.onExecute(ExecutorPolicy.java:64)
	at org.gradle.cache.internal.ExclusiveCacheAccessingWorker$2.run(ExclusiveCacheAccessingWorker.java:185)
	at org.gradle.internal.Factories$1.create(Factories.java:31)
	at org.gradle.cache.internal.DefaultCacheCoordinator.useCache(DefaultCacheCoordinator.java:248)
	at org.gradle.cache.internal.DefaultCacheCoordinator.useCache(DefaultCacheCoordinator.java:229)
	at org.gradle.cache.internal.ExclusiveCacheAccessingWorker.flushOperations(ExclusiveCacheAccessingWorker.java:175)
	at org.gradle.cache.internal.ExclusiveCacheAccessingWorker.run(ExclusiveCacheAccessingWorker.java:145)
	at org.gradle.internal.concurrent.ExecutorPolicy$CatchAndRecordFailures.onExecute(ExecutorPolicy.java:64)
	at org.gradle.internal.concurrent.AbstractManagedExecutor$1.run(AbstractManagedExecutor.java:47)
	at java.base/java.util.concurrent.ThreadPoolExecutor.runWorker(ThreadPoolExecutor.java:1136)
	at java.base/java.util.concurrent.ThreadPoolExecutor$Worker.run(ThreadPoolExecutor.java:635)
	at java.base/java.lang.Thread.run(Thread.java:840)
Caused by: org.gradle.api.UncheckedIOException: java.io.IOException: No space left on device
	at org.gradle.cache.internal.btree.FileBackedBlockStore.write(FileBackedBlockStore.java:140)
	at org.gradle.cache.internal.btree.CachingBlockStore.flush(CachingBlockStore.java:64)
	at org.gradle.cache.internal.btree.FreeListBlockStore.flush(FreeListBlockStore.java:103)
	at org.gradle.cache.internal.btree.StateCheckBlockStore.flush(StateCheckBlockStore.java:85)
	at org.gradle.cache.internal.btree.BTreePersistentIndexedCache.put(BTreePersistentIndexedCache.java:160)
	... 18 more
Caused by: java.io.IOException: No space left on device
	at java.base/java.io.RandomAccessFile.writeBytes(Native Method)
	at java.base/java.io.RandomAccessFile.write(RandomAccessFile.java:558)
	at org.gradle.internal.io.RandomAccessFileOutputStream.write(RandomAccessFileOutputStream.java:46)
	at java.base/java.io.BufferedOutputStream.flushBuffer(BufferedOutputStream.java:81)
	at java.base/java.io.BufferedOutputStream.flush(BufferedOutputStream.java:142)
	at java.base/java.io.FilterOutputStream.flush(FilterOutputStream.java:153)
	at org.gradle.cache.internal.btree.ByteOutput.done(ByteOutput.java:62)
	at org.gradle.cache.internal.btree.FileBackedBlockStore$BlockImpl.write(FileBackedBlockStore.java:223)
	at org.gradle.cache.internal.btree.FileBackedBlockStore.write(FileBackedBlockStore.java:136)
	... 22 more
Failed to execute org.gradle.cache.internal.AsyncCacheAccessDecoratedCache$$Lambda$510/0x000000c80143ea28@7a3826d5.
org.gradle.api.UncheckedIOException: Could not add entry '/Users/basith/.gradle/caches/8.8/transforms/33b2337020fdcdc8bfaab8ba87e87e2f' to cache file-access.bin (/Users/basith/.gradle/caches/journal-1/file-access.bin).
	at org.gradle.cache.internal.btree.BTreePersistentIndexedCache.put(BTreePersistentIndexedCache.java:162)
	at org.gradle.cache.internal.DefaultMultiProcessSafeIndexedCache.lambda$put$1(DefaultMultiProcessSafeIndexedCache.java:67)
	at org.gradle.cache.internal.DefaultFileLockManager$DefaultFileLock.doWriteAction(DefaultFileLockManager.java:216)
	at org.gradle.cache.internal.DefaultFileLockManager$DefaultFileLock.writeFile(DefaultFileLockManager.java:206)
	at org.gradle.cache.internal.DefaultCacheCoordinator$UnitOfWorkFileAccess.writeFile(DefaultCacheCoordinator.java:472)
	at org.gradle.cache.internal.DefaultMultiProcessSafeIndexedCache.put(DefaultMultiProcessSafeIndexedCache.java:67)
	at org.gradle.cache.internal.AsyncCacheAccessDecoratedCache.lambda$putLater$1(AsyncCacheAccessDecoratedCache.java:56)
	at org.gradle.internal.concurrent.ExecutorPolicy$CatchAndRecordFailures.onExecute(ExecutorPolicy.java:64)
	at org.gradle.cache.internal.ExclusiveCacheAccessingWorker$2.run(ExclusiveCacheAccessingWorker.java:185)
	at org.gradle.internal.Factories$1.create(Factories.java:31)
	at org.gradle.cache.internal.DefaultCacheCoordinator.useCache(DefaultCacheCoordinator.java:248)
	at org.gradle.cache.internal.DefaultCacheCoordinator.useCache(DefaultCacheCoordinator.java:229)
	at org.gradle.cache.internal.ExclusiveCacheAccessingWorker.flushOperations(ExclusiveCacheAccessingWorker.java:175)
	at org.gradle.cache.internal.ExclusiveCacheAccessingWorker.run(ExclusiveCacheAccessingWorker.java:145)
	at org.gradle.internal.concurrent.ExecutorPolicy$CatchAndRecordFailures.onExecute(ExecutorPolicy.java:64)
	at org.gradle.internal.concurrent.AbstractManagedExecutor$1.run(AbstractManagedExecutor.java:47)
	at java.base/java.util.concurrent.ThreadPoolExecutor.runWorker(ThreadPoolExecutor.java:1136)
	at java.base/java.util.concurrent.ThreadPoolExecutor$Worker.run(ThreadPoolExecutor.java:635)
	at java.base/java.lang.Thread.run(Thread.java:840)
Caused by: org.gradle.api.UncheckedIOException: java.io.IOException: No space left on device
	at org.gradle.cache.internal.btree.FileBackedBlockStore.write(FileBackedBlockStore.java:140)
	at org.gradle.cache.internal.btree.CachingBlockStore.flush(CachingBlockStore.java:64)
	at org.gradle.cache.internal.btree.FreeListBlockStore.flush(FreeListBlockStore.java:103)
	at org.gradle.cache.internal.btree.StateCheckBlockStore.flush(StateCheckBlockStore.java:85)
	at org.gradle.cache.internal.btree.BTreePersistentIndexedCache.put(BTreePersistentIndexedCache.java:160)
	... 18 more
Caused by: java.io.IOException: No space left on device
	at java.base/java.io.RandomAccessFile.writeBytes(Native Method)
	at java.base/java.io.RandomAccessFile.write(RandomAccessFile.java:558)
	at org.gradle.internal.io.RandomAccessFileOutputStream.write(RandomAccessFileOutputStream.java:46)
	at java.base/java.io.BufferedOutputStream.flushBuffer(BufferedOutputStream.java:81)
	at java.base/java.io.BufferedOutputStream.flush(BufferedOutputStream.java:142)
	at java.base/java.io.FilterOutputStream.flush(FilterOutputStream.java:153)
	at org.gradle.cache.internal.btree.ByteOutput.done(ByteOutput.java:62)
	at org.gradle.cache.internal.btree.FileBackedBlockStore$BlockImpl.write(FileBackedBlockStore.java:223)
	at org.gradle.cache.internal.btree.FileBackedBlockStore.write(FileBackedBlockStore.java:136)
	... 22 more
Failed to execute org.gradle.cache.internal.AsyncCacheAccessDecoratedCache$$Lambda$510/0x000000c80143ea28@4b7e671d.
org.gradle.api.UncheckedIOException: Could not add entry '69fae878c760fe66d46eb71d38abe337' to cache resourceHashesCache.bin (/Users/basith/.gradle/caches/8.8/fileHashes/resourceHashesCache.bin).
	at org.gradle.cache.internal.btree.BTreePersistentIndexedCache.put(BTreePersistentIndexedCache.java:162)
	at org.gradle.cache.internal.DefaultMultiProcessSafeIndexedCache.lambda$put$1(DefaultMultiProcessSafeIndexedCache.java:67)
	at org.gradle.cache.internal.DefaultFileLockManager$DefaultFileLock.doWriteAction(DefaultFileLockManager.java:216)
	at org.gradle.cache.internal.DefaultFileLockManager$DefaultFileLock.writeFile(DefaultFileLockManager.java:206)
	at org.gradle.cache.internal.DefaultCacheCoordinator$UnitOfWorkFileAccess.writeFile(DefaultCacheCoordinator.java:472)
	at org.gradle.cache.internal.DefaultMultiProcessSafeIndexedCache.put(DefaultMultiProcessSafeIndexedCache.java:67)
	at org.gradle.cache.internal.AsyncCacheAccessDecoratedCache.lambda$putLater$1(AsyncCacheAccessDecoratedCache.java:56)
	at org.gradle.internal.concurrent.ExecutorPolicy$CatchAndRecordFailures.onExecute(ExecutorPolicy.java:64)
	at org.gradle.cache.internal.ExclusiveCacheAccessingWorker$2.run(ExclusiveCacheAccessingWorker.java:185)
	at org.gradle.internal.Factories$1.create(Factories.java:31)
	at org.gradle.cache.internal.DefaultCacheCoordinator.useCache(DefaultCacheCoordinator.java:248)
	at org.gradle.cache.internal.DefaultCacheCoordinator.useCache(DefaultCacheCoordinator.java:229)
	at org.gradle.cache.internal.ExclusiveCacheAccessingWorker.flushOperations(ExclusiveCacheAccessingWorker.java:175)
	at org.gradle.cache.internal.ExclusiveCacheAccessingWorker.run(ExclusiveCacheAccessingWorker.java:145)
	at org.gradle.internal.concurrent.ExecutorPolicy$CatchAndRecordFailures.onExecute(ExecutorPolicy.java:64)
	at org.gradle.internal.concurrent.AbstractManagedExecutor$1.run(AbstractManagedExecutor.java:47)
	at java.base/java.util.concurrent.ThreadPoolExecutor.runWorker(ThreadPoolExecutor.java:1136)
	at java.base/java.util.concurrent.ThreadPoolExecutor$Worker.run(ThreadPoolExecutor.java:635)
	at java.base/java.lang.Thread.run(Thread.java:840)
Caused by: org.gradle.api.UncheckedIOException: java.io.IOException: No space left on device
	at org.gradle.cache.internal.btree.FileBackedBlockStore.write(FileBackedBlockStore.java:140)
	at org.gradle.cache.internal.btree.CachingBlockStore.flush(CachingBlockStore.java:64)
	at org.gradle.cache.internal.btree.FreeListBlockStore.flush(FreeListBlockStore.java:103)
	at org.gradle.cache.internal.btree.StateCheckBlockStore.flush(StateCheckBlockStore.java:85)
	at org.gradle.cache.internal.btree.BTreePersistentIndexedCache.put(BTreePersistentIndexedCache.java:160)
	... 18 more
Caused by: java.io.IOException: No space left on device
	at java.base/java.io.RandomAccessFile.writeBytes(Native Method)
	at java.base/java.io.RandomAccessFile.write(RandomAccessFile.java:558)
	at org.gradle.internal.io.RandomAccessFileOutputStream.write(RandomAccessFileOutputStream.java:46)
	at java.base/java.io.BufferedOutputStream.flushBuffer(BufferedOutputStream.java:81)
	at java.base/java.io.BufferedOutputStream.flush(BufferedOutputStream.java:142)
	at java.base/java.io.FilterOutputStream.flush(FilterOutputStream.java:153)
	at org.gradle.cache.internal.btree.ByteOutput.done(ByteOutput.java:62)
	at org.gradle.cache.internal.btree.FileBackedBlockStore$BlockImpl.write(FileBackedBlockStore.java:223)
	at org.gradle.cache.internal.btree.FileBackedBlockStore.write(FileBackedBlockStore.java:136)
	... 22 more
Failed to execute org.gradle.cache.internal.AsyncCacheAccessDecoratedCache$$Lambda$510/0x000000c80143ea28@5ea5b2ea.
org.gradle.api.UncheckedIOException: Could not add entry '/Users/basith/.gradle/caches/8.8/transforms/fcf3bd4a3353dc7e351e0417b39286fe' to cache file-access.bin (/Users/basith/.gradle/caches/journal-1/file-access.bin).
	at org.gradle.cache.internal.btree.BTreePersistentIndexedCache.put(BTreePersistentIndexedCache.java:162)
	at org.gradle.cache.internal.DefaultMultiProcessSafeIndexedCache.lambda$put$1(DefaultMultiProcessSafeIndexedCache.java:67)
	at org.gradle.cache.internal.DefaultFileLockManager$DefaultFileLock.doWriteAction(DefaultFileLockManager.java:216)
	at org.gradle.cache.internal.DefaultFileLockManager$DefaultFileLock.writeFile(DefaultFileLockManager.java:206)
	at org.gradle.cache.internal.DefaultCacheCoordinator$UnitOfWorkFileAccess.writeFile(DefaultCacheCoordinator.java:472)
	at org.gradle.cache.internal.DefaultMultiProcessSafeIndexedCache.put(DefaultMultiProcessSafeIndexedCache.java:67)
	at org.gradle.cache.internal.AsyncCacheAccessDecoratedCache.lambda$putLater$1(AsyncCacheAccessDecoratedCache.java:56)
	at org.gradle.internal.concurrent.ExecutorPolicy$CatchAndRecordFailures.onExecute(ExecutorPolicy.java:64)
	at org.gradle.cache.internal.ExclusiveCacheAccessingWorker$2.run(ExclusiveCacheAccessingWorker.java:185)
	at org.gradle.internal.Factories$1.create(Factories.java:31)
	at org.gradle.cache.internal.DefaultCacheCoordinator.useCache(DefaultCacheCoordinator.java:248)
	at org.gradle.cache.internal.DefaultCacheCoordinator.useCache(DefaultCacheCoordinator.java:229)
	at org.gradle.cache.internal.ExclusiveCacheAccessingWorker.flushOperations(ExclusiveCacheAccessingWorker.java:175)
	at org.gradle.cache.internal.ExclusiveCacheAccessingWorker.run(ExclusiveCacheAccessingWorker.java:145)
	at org.gradle.internal.concurrent.ExecutorPolicy$CatchAndRecordFailures.onExecute(ExecutorPolicy.java:64)
	at org.gradle.internal.concurrent.AbstractManagedExecutor$1.run(AbstractManagedExecutor.java:47)
	at java.base/java.util.concurrent.ThreadPoolExecutor.runWorker(ThreadPoolExecutor.java:1136)
	at java.base/java.util.concurrent.ThreadPoolExecutor$Worker.run(ThreadPoolExecutor.java:635)
	at java.base/java.lang.Thread.run(Thread.java:840)
Caused by: org.gradle.api.UncheckedIOException: java.io.IOException: No space left on device
	at org.gradle.cache.internal.btree.FileBackedBlockStore.write(FileBackedBlockStore.java:140)
	at org.gradle.cache.internal.btree.CachingBlockStore.flush(CachingBlockStore.java:64)
	at org.gradle.cache.internal.btree.FreeListBlockStore.flush(FreeListBlockStore.java:103)
	at org.gradle.cache.internal.btree.StateCheckBlockStore.flush(StateCheckBlockStore.java:85)
	at org.gradle.cache.internal.btree.BTreePersistentIndexedCache.put(BTreePersistentIndexedCache.java:160)
	... 18 more
Caused by: java.io.IOException: No space left on device
	at java.base/java.io.RandomAccessFile.writeBytes(Native Method)
	at java.base/java.io.RandomAccessFile.write(RandomAccessFile.java:558)
	at org.gradle.internal.io.RandomAccessFileOutputStream.write(RandomAccessFileOutputStream.java:46)
	at java.base/java.io.BufferedOutputStream.flushBuffer(BufferedOutputStream.java:81)
	at java.base/java.io.BufferedOutputStream.flush(BufferedOutputStream.java:142)
	at java.base/java.io.FilterOutputStream.flush(FilterOutputStream.java:153)
	at org.gradle.cache.internal.btree.ByteOutput.done(ByteOutput.java:62)
	at org.gradle.cache.internal.btree.FileBackedBlockStore$BlockImpl.write(FileBackedBlockStore.java:223)
	at org.gradle.cache.internal.btree.FileBackedBlockStore.write(FileBackedBlockStore.java:136)
	... 22 more
Failed to execute org.gradle.cache.internal.AsyncCacheAccessDecoratedCache$$Lambda$510/0x000000c80143ea28@35eb0200.
org.gradle.api.UncheckedIOException: Could not add entry 'd6c5215b54e0848fa0ce361d2c14b015' to cache resourceHashesCache.bin (/Users/basith/.gradle/caches/8.8/fileHashes/resourceHashesCache.bin).
	at org.gradle.cache.internal.btree.BTreePersistentIndexedCache.put(BTreePersistentIndexedCache.java:162)
	at org.gradle.cache.internal.DefaultMultiProcessSafeIndexedCache.lambda$put$1(DefaultMultiProcessSafeIndexedCache.java:67)
	at org.gradle.cache.internal.DefaultFileLockManager$DefaultFileLock.doWriteAction(DefaultFileLockManager.java:216)
	at org.gradle.cache.internal.DefaultFileLockManager$DefaultFileLock.writeFile(DefaultFileLockManager.java:206)
	at org.gradle.cache.internal.DefaultCacheCoordinator$UnitOfWorkFileAccess.writeFile(DefaultCacheCoordinator.java:472)
	at org.gradle.cache.internal.DefaultMultiProcessSafeIndexedCache.put(DefaultMultiProcessSafeIndexedCache.java:67)
	at org.gradle.cache.internal.AsyncCacheAccessDecoratedCache.lambda$putLater$1(AsyncCacheAccessDecoratedCache.java:56)
	at org.gradle.internal.concurrent.ExecutorPolicy$CatchAndRecordFailures.onExecute(ExecutorPolicy.java:64)
	at org.gradle.cache.internal.ExclusiveCacheAccessingWorker$2.run(ExclusiveCacheAccessingWorker.java:185)
	at org.gradle.internal.Factories$1.create(Factories.java:31)
	at org.gradle.cache.internal.DefaultCacheCoordinator.useCache(DefaultCacheCoordinator.java:248)
	at org.gradle.cache.internal.DefaultCacheCoordinator.useCache(DefaultCacheCoordinator.java:229)
	at org.gradle.cache.internal.ExclusiveCacheAccessingWorker.flushOperations(ExclusiveCacheAccessingWorker.java:175)
	at org.gradle.cache.internal.ExclusiveCacheAccessingWorker.run(ExclusiveCacheAccessingWorker.java:145)
	at org.gradle.internal.concurrent.ExecutorPolicy$CatchAndRecordFailures.onExecute(ExecutorPolicy.java:64)
	at org.gradle.internal.concurrent.AbstractManagedExecutor$1.run(AbstractManagedExecutor.java:47)
	at java.base/java.util.concurrent.ThreadPoolExecutor.runWorker(ThreadPoolExecutor.java:1136)
	at java.base/java.util.concurrent.ThreadPoolExecutor$Worker.run(ThreadPoolExecutor.java:635)
	at java.base/java.lang.Thread.run(Thread.java:840)
Caused by: org.gradle.api.UncheckedIOException: java.io.IOException: No space left on device
	at org.gradle.cache.internal.btree.FileBackedBlockStore.write(FileBackedBlockStore.java:140)
	at org.gradle.cache.internal.btree.CachingBlockStore.flush(CachingBlockStore.java:64)
	at org.gradle.cache.internal.btree.FreeListBlockStore.flush(FreeListBlockStore.java:103)
	at org.gradle.cache.internal.btree.StateCheckBlockStore.flush(StateCheckBlockStore.java:85)
	at org.gradle.cache.internal.btree.BTreePersistentIndexedCache.put(BTreePersistentIndexedCache.java:160)
	... 18 more
Caused by: java.io.IOException: No space left on device
	at java.base/java.io.RandomAccessFile.writeBytes(Native Method)
	at java.base/java.io.RandomAccessFile.write(RandomAccessFile.java:558)
	at org.gradle.internal.io.RandomAccessFileOutputStream.write(RandomAccessFileOutputStream.java:46)
	at java.base/java.io.BufferedOutputStream.flushBuffer(BufferedOutputStream.java:81)
	at java.base/java.io.BufferedOutputStream.flush(BufferedOutputStream.java:142)
	at java.base/java.io.FilterOutputStream.flush(FilterOutputStream.java:153)
	at org.gradle.cache.internal.btree.ByteOutput.done(ByteOutput.java:62)
	at org.gradle.cache.internal.btree.FileBackedBlockStore$BlockImpl.write(FileBackedBlockStore.java:223)
	at org.gradle.cache.internal.btree.FileBackedBlockStore.write(FileBackedBlockStore.java:136)
	... 22 more
Failed to execute org.gradle.cache.internal.AsyncCacheAccessDecoratedCache$$Lambda$510/0x000000c80143ea28@40d5d791.
org.gradle.api.UncheckedIOException: Could not add entry '/Users/basith/.gradle/caches/8.8/transforms/f9068959ff931b78f8c7fc5403a03c61' to cache file-access.bin (/Users/basith/.gradle/caches/journal-1/file-access.bin).
	at org.gradle.cache.internal.btree.BTreePersistentIndexedCache.put(BTreePersistentIndexedCache.java:162)
	at org.gradle.cache.internal.DefaultMultiProcessSafeIndexedCache.lambda$put$1(DefaultMultiProcessSafeIndexedCache.java:67)
	at org.gradle.cache.internal.DefaultFileLockManager$DefaultFileLock.doWriteAction(DefaultFileLockManager.java:216)
	at org.gradle.cache.internal.DefaultFileLockManager$DefaultFileLock.writeFile(DefaultFileLockManager.java:206)
	at org.gradle.cache.internal.DefaultCacheCoordinator$UnitOfWorkFileAccess.writeFile(DefaultCacheCoordinator.java:472)
	at org.gradle.cache.internal.DefaultMultiProcessSafeIndexedCache.put(DefaultMultiProcessSafeIndexedCache.java:67)
	at org.gradle.cache.internal.AsyncCacheAccessDecoratedCache.lambda$putLater$1(AsyncCacheAccessDecoratedCache.java:56)
	at org.gradle.internal.concurrent.ExecutorPolicy$CatchAndRecordFailures.onExecute(ExecutorPolicy.java:64)
	at org.gradle.cache.internal.ExclusiveCacheAccessingWorker$2.run(ExclusiveCacheAccessingWorker.java:185)
	at org.gradle.internal.Factories$1.create(Factories.java:31)
	at org.gradle.cache.internal.DefaultCacheCoordinator.useCache(DefaultCacheCoordinator.java:248)
	at org.gradle.cache.internal.DefaultCacheCoordinator.useCache(DefaultCacheCoordinator.java:229)
	at org.gradle.cache.internal.ExclusiveCacheAccessingWorker.flushOperations(ExclusiveCacheAccessingWorker.java:175)
	at org.gradle.cache.internal.ExclusiveCacheAccessingWorker.run(ExclusiveCacheAccessingWorker.java:145)
	at org.gradle.internal.concurrent.ExecutorPolicy$CatchAndRecordFailures.onExecute(ExecutorPolicy.java:64)
	at org.gradle.internal.concurrent.AbstractManagedExecutor$1.run(AbstractManagedExecutor.java:47)
	at java.base/java.util.concurrent.ThreadPoolExecutor.runWorker(ThreadPoolExecutor.java:1136)
	at java.base/java.util.concurrent.ThreadPoolExecutor$Worker.run(ThreadPoolExecutor.java:635)
	at java.base/java.lang.Thread.run(Thread.java:840)
Caused by: org.gradle.api.UncheckedIOException: java.io.IOException: No space left on device
	at org.gradle.cache.internal.btree.FileBackedBlockStore.write(FileBackedBlockStore.java:140)
	at org.gradle.cache.internal.btree.CachingBlockStore.flush(CachingBlockStore.java:64)
	at org.gradle.cache.internal.btree.FreeListBlockStore.flush(FreeListBlockStore.java:103)
	at org.gradle.cache.internal.btree.StateCheckBlockStore.flush(StateCheckBlockStore.java:85)
	at org.gradle.cache.internal.btree.BTreePersistentIndexedCache.put(BTreePersistentIndexedCache.java:160)
	... 18 more
Caused by: java.io.IOException: No space left on device
	at java.base/java.io.RandomAccessFile.writeBytes(Native Method)
	at java.base/java.io.RandomAccessFile.write(RandomAccessFile.java:558)
	at org.gradle.internal.io.RandomAccessFileOutputStream.write(RandomAccessFileOutputStream.java:46)
	at java.base/java.io.BufferedOutputStream.flushBuffer(BufferedOutputStream.java:81)
	at java.base/java.io.BufferedOutputStream.flush(BufferedOutputStream.java:142)
	at java.base/java.io.FilterOutputStream.flush(FilterOutputStream.java:153)
	at org.gradle.cache.internal.btree.ByteOutput.done(ByteOutput.java:62)
	at org.gradle.cache.internal.btree.FileBackedBlockStore$BlockImpl.write(FileBackedBlockStore.java:223)
	at org.gradle.cache.internal.btree.FileBackedBlockStore.write(FileBackedBlockStore.java:136)
	... 22 more
Failed to execute org.gradle.cache.internal.AsyncCacheAccessDecoratedCache$$Lambda$510/0x000000c80143ea28@4f212b9a.
org.gradle.api.UncheckedIOException: Could not add entry 'fc78817b4b1c29acc7f66a507f62e48c' to cache resourceHashesCache.bin (/Users/basith/.gradle/caches/8.8/fileHashes/resourceHashesCache.bin).
	at org.gradle.cache.internal.btree.BTreePersistentIndexedCache.put(BTreePersistentIndexedCache.java:162)
	at org.gradle.cache.internal.DefaultMultiProcessSafeIndexedCache.lambda$put$1(DefaultMultiProcessSafeIndexedCache.java:67)
	at org.gradle.cache.internal.DefaultFileLockManager$DefaultFileLock.doWriteAction(DefaultFileLockManager.java:216)
	at org.gradle.cache.internal.DefaultFileLockManager$DefaultFileLock.writeFile(DefaultFileLockManager.java:206)
	at org.gradle.cache.internal.DefaultCacheCoordinator$UnitOfWorkFileAccess.writeFile(DefaultCacheCoordinator.java:472)
	at org.gradle.cache.internal.DefaultMultiProcessSafeIndexedCache.put(DefaultMultiProcessSafeIndexedCache.java:67)
	at org.gradle.cache.internal.AsyncCacheAccessDecoratedCache.lambda$putLater$1(AsyncCacheAccessDecoratedCache.java:56)
	at org.gradle.internal.concurrent.ExecutorPolicy$CatchAndRecordFailures.onExecute(ExecutorPolicy.java:64)
	at org.gradle.cache.internal.ExclusiveCacheAccessingWorker$2.run(ExclusiveCacheAccessingWorker.java:185)
	at org.gradle.internal.Factories$1.create(Factories.java:31)
	at org.gradle.cache.internal.DefaultCacheCoordinator.useCache(DefaultCacheCoordinator.java:248)
	at org.gradle.cache.internal.DefaultCacheCoordinator.useCache(DefaultCacheCoordinator.java:229)
	at org.gradle.cache.internal.ExclusiveCacheAccessingWorker.flushOperations(ExclusiveCacheAccessingWorker.java:175)
	at org.gradle.cache.internal.ExclusiveCacheAccessingWorker.run(ExclusiveCacheAccessingWorker.java:145)
	at org.gradle.internal.concurrent.ExecutorPolicy$CatchAndRecordFailures.onExecute(ExecutorPolicy.java:64)
	at org.gradle.internal.concurrent.AbstractManagedExecutor$1.run(AbstractManagedExecutor.java:47)
	at java.base/java.util.concurrent.ThreadPoolExecutor.runWorker(ThreadPoolExecutor.java:1136)
	at java.base/java.util.concurrent.ThreadPoolExecutor$Worker.run(ThreadPoolExecutor.java:635)
	at java.base/java.lang.Thread.run(Thread.java:840)
Caused by: org.gradle.api.UncheckedIOException: java.io.IOException: No space left on device
	at org.gradle.cache.internal.btree.FileBackedBlockStore.write(FileBackedBlockStore.java:140)
	at org.gradle.cache.internal.btree.CachingBlockStore.flush(CachingBlockStore.java:64)
	at org.gradle.cache.internal.btree.FreeListBlockStore.flush(FreeListBlockStore.java:103)
	at org.gradle.cache.internal.btree.StateCheckBlockStore.flush(StateCheckBlockStore.java:85)
	at org.gradle.cache.internal.btree.BTreePersistentIndexedCache.put(BTreePersistentIndexedCache.java:160)
	... 18 more
Caused by: java.io.IOException: No space left on device
	at java.base/java.io.RandomAccessFile.writeBytes(Native Method)
	at java.base/java.io.RandomAccessFile.write(RandomAccessFile.java:558)
	at org.gradle.internal.io.RandomAccessFileOutputStream.write(RandomAccessFileOutputStream.java:46)
	at java.base/java.io.BufferedOutputStream.flushBuffer(BufferedOutputStream.java:81)
	at java.base/java.io.BufferedOutputStream.flush(BufferedOutputStream.java:142)
	at java.base/java.io.FilterOutputStream.flush(FilterOutputStream.java:153)
	at org.gradle.cache.internal.btree.ByteOutput.done(ByteOutput.java:62)
	at org.gradle.cache.internal.btree.FileBackedBlockStore$BlockImpl.write(FileBackedBlockStore.java:223)
	at org.gradle.cache.internal.btree.FileBackedBlockStore.write(FileBackedBlockStore.java:136)
	... 22 more

> Task :app:mergeExtDexDebug
ERROR: /Users/basith/.gradle/caches/8.8/transforms/bcad643fd52e384832fb8e99503ed8ec-c71d5594-badd-40f9-bd13-863f4ae24f03/transformed/material-1.6.1-runtime/material-1.6.1-runtime_dex/classes.dex: D8: java.nio.file.FileSystemException: /Users/basith/.gradle/caches/8.8/transforms/bcad643fd52e384832fb8e99503ed8ec-c71d5594-badd-40f9-bd13-863f4ae24f03/transformed/material-1.6.1-runtime/material-1.6.1-runtime_dex/classes.dex: No space left on device

> Task :app:mergeExtDexDebug FAILED

FAILURE: Build failed with an exception.

* What went wrong:
Execution failed for task ':app:mergeExtDexDebug'.
> Multiple build operations failed.
      Failed to create parent directory '/Users/basith/.gradle/caches/8.8/transforms/fc7a2aff64060f3c3922ae1a4a054646-04dc2c2f-73fe-45dd-8815-add782a38748' when creating directory '/Users/basith/.gradle/caches/8.8/transforms/fc7a2aff64060f3c3922ae1a4a054646-04dc2c2f-73fe-45dd-8815-add782a38748/transformed'
      Failed to create parent directory '/Users/basith/.gradle/caches/8.8/transforms/9cdcff6acda2de38386c1e05ff9fedee-30eb93eb-e0c1-4c58-a6fc-653327a45a69' when creating directory '/Users/basith/.gradle/caches/8.8/transforms/9cdcff6acda2de38386c1e05ff9fedee-30eb93eb-e0c1-4c58-a6fc-653327a45a69/transformed'
      Failed to create parent directory '/Users/basith/.gradle/caches/8.8/transforms/155546a8d1c25309a526af28f670900a-cd24156f-7a09-4ff0-8c0a-54e0eee1cd51' when creating directory '/Users/basith/.gradle/caches/8.8/transforms/155546a8d1c25309a526af28f670900a-cd24156f-7a09-4ff0-8c0a-54e0eee1cd51/transformed'
      Failed to create parent directory '/Users/basith/.gradle/caches/8.8/transforms/c994d4686eaf7a795a6acd9342329e18-6dea12fb-f200-4f9f-ab24-c1f5e8bc0f20' when creating directory '/Users/basith/.gradle/caches/8.8/transforms/c994d4686eaf7a795a6acd9342329e18-6dea12fb-f200-4f9f-ab24-c1f5e8bc0f20/transformed'
      Failed to create parent directory '/Users/basith/.gradle/caches/8.8/transforms/9cdcff6acda2de38386c1e05ff9fedee-67b44cc6-10bd-4cbe-a09b-ca45bbd798e3' when creating directory '/Users/basith/.gradle/caches/8.8/transforms/9cdcff6acda2de38386c1e05ff9fedee-67b44cc6-10bd-4cbe-a09b-ca45bbd798e3/transformed'
      Failed to create parent directory '/Users/basith/.gradle/caches/8.8/transforms/6012d18c8241917a381fc47a8f8d15ea-32ed2842-27d7-422a-8dd4-aa8ad3695032' when creating directory '/Users/basith/.gradle/caches/8.8/transforms/6012d18c8241917a381fc47a8f8d15ea-32ed2842-27d7-422a-8dd4-aa8ad3695032/transformed'
      Failed to create parent directory '/Users/basith/.gradle/caches/8.8/transforms/9cdcff6acda2de38386c1e05ff9fedee-90e21d39-fac1-4a20-970c-a3afe72ffcc8' when creating directory '/Users/basith/.gradle/caches/8.8/transforms/9cdcff6acda2de38386c1e05ff9fedee-90e21d39-fac1-4a20-970c-a3afe72ffcc8/transformed'
      Failed to create parent directory '/Users/basith/.gradle/caches/8.8/transforms/9cdcff6acda2de38386c1e05ff9fedee-573ed6d9-ecc9-469e-a1be-eee93ff627ea' when creating directory '/Users/basith/.gradle/caches/8.8/transforms/9cdcff6acda2de38386c1e05ff9fedee-573ed6d9-ecc9-469e-a1be-eee93ff627ea/transformed'
      Failed to create parent directory '/Users/basith/.gradle/caches/8.8/transforms/b0d4b64129298cb8fd0cefefcb5b53ec-8a00a3ed-90a9-4819-aaa2-6fce90c581ef' when creating directory '/Users/basith/.gradle/caches/8.8/transforms/b0d4b64129298cb8fd0cefefcb5b53ec-8a00a3ed-90a9-4819-aaa2-6fce90c581ef/transformed'
      Failed to create parent directory '/Users/basith/.gradle/caches/8.8/transforms/ab4a31b34c46eccb99030fb9c059c542-ea7360c7-b89b-410d-9a02-518b588e5b43' when creating directory '/Users/basith/.gradle/caches/8.8/transforms/ab4a31b34c46eccb99030fb9c059c542-ea7360c7-b89b-410d-9a02-518b588e5b43/transformed'
      ...and 139 more failures.
   > Failed to create parent directory '/Users/basith/.gradle/caches/8.8/transforms/fc7a2aff64060f3c3922ae1a4a054646-04dc2c2f-73fe-45dd-8815-add782a38748' when creating directory '/Users/basith/.gradle/caches/8.8/transforms/fc7a2aff64060f3c3922ae1a4a054646-04dc2c2f-73fe-45dd-8815-add782a38748/transformed'
   > Failed to create parent directory '/Users/basith/.gradle/caches/8.8/transforms/9cdcff6acda2de38386c1e05ff9fedee-30eb93eb-e0c1-4c58-a6fc-653327a45a69' when creating directory '/Users/basith/.gradle/caches/8.8/transforms/9cdcff6acda2de38386c1e05ff9fedee-30eb93eb-e0c1-4c58-a6fc-653327a45a69/transformed'
   > Failed to create parent directory '/Users/basith/.gradle/caches/8.8/transforms/155546a8d1c25309a526af28f670900a-cd24156f-7a09-4ff0-8c0a-54e0eee1cd51' when creating directory '/Users/basith/.gradle/caches/8.8/transforms/155546a8d1c25309a526af28f670900a-cd24156f-7a09-4ff0-8c0a-54e0eee1cd51/transformed'
   > Failed to create parent directory '/Users/basith/.gradle/caches/8.8/transforms/c994d4686eaf7a795a6acd9342329e18-6dea12fb-f200-4f9f-ab24-c1f5e8bc0f20' when creating directory '/Users/basith/.gradle/caches/8.8/transforms/c994d4686eaf7a795a6acd9342329e18-6dea12fb-f200-4f9f-ab24-c1f5e8bc0f20/transformed'
   > Failed to create parent directory '/Users/basith/.gradle/caches/8.8/transforms/9cdcff6acda2de38386c1e05ff9fedee-67b44cc6-10bd-4cbe-a09b-ca45bbd798e3' when creating directory '/Users/basith/.gradle/caches/8.8/transforms/9cdcff6acda2de38386c1e05ff9fedee-67b44cc6-10bd-4cbe-a09b-ca45bbd798e3/transformed'
   > Failed to create parent directory '/Users/basith/.gradle/caches/8.8/transforms/6012d18c8241917a381fc47a8f8d15ea-32ed2842-27d7-422a-8dd4-aa8ad3695032' when creating directory '/Users/basith/.gradle/caches/8.8/transforms/6012d18c8241917a381fc47a8f8d15ea-32ed2842-27d7-422a-8dd4-aa8ad3695032/transformed'
   > Failed to create parent directory '/Users/basith/.gradle/caches/8.8/transforms/9cdcff6acda2de38386c1e05ff9fedee-90e21d39-fac1-4a20-970c-a3afe72ffcc8' when creating directory '/Users/basith/.gradle/caches/8.8/transforms/9cdcff6acda2de38386c1e05ff9fedee-90e21d39-fac1-4a20-970c-a3afe72ffcc8/transformed'
   > Failed to create parent directory '/Users/basith/.gradle/caches/8.8/transforms/9cdcff6acda2de38386c1e05ff9fedee-573ed6d9-ecc9-469e-a1be-eee93ff627ea' when creating directory '/Users/basith/.gradle/caches/8.8/transforms/9cdcff6acda2de38386c1e05ff9fedee-573ed6d9-ecc9-469e-a1be-eee93ff627ea/transformed'
   > Failed to create parent directory '/Users/basith/.gradle/caches/8.8/transforms/b0d4b64129298cb8fd0cefefcb5b53ec-8a00a3ed-90a9-4819-aaa2-6fce90c581ef' when creating directory '/Users/basith/.gradle/caches/8.8/transforms/b0d4b64129298cb8fd0cefefcb5b53ec-8a00a3ed-90a9-4819-aaa2-6fce90c581ef/transformed'
   > Failed to create parent directory '/Users/basith/.gradle/caches/8.8/transforms/ab4a31b34c46eccb99030fb9c059c542-ea7360c7-b89b-410d-9a02-518b588e5b43' when creating directory '/Users/basith/.gradle/caches/8.8/transforms/ab4a31b34c46eccb99030fb9c059c542-ea7360c7-b89b-410d-9a02-518b588e5b43/transformed'
   > Failed to create parent directory '/Users/basith/.gradle/caches/8.8/transforms/f6c075afcb10bb6f78419bf1cce76407-0b914ef4-14cb-4bef-bdfd-67872245637b' when creating directory '/Users/basith/.gradle/caches/8.8/transforms/f6c075afcb10bb6f78419bf1cce76407-0b914ef4-14cb-4bef-bdfd-67872245637b/transformed'
   > Failed to create parent directory '/Users/basith/.gradle/caches/8.8/transforms/9cdcff6acda2de38386c1e05ff9fedee-1c41d99a-2070-41b8-9bb7-4c9e200ae04a' when creating directory '/Users/basith/.gradle/caches/8.8/transforms/9cdcff6acda2de38386c1e05ff9fedee-1c41d99a-2070-41b8-9bb7-4c9e200ae04a/transformed'
   > Failed to create parent directory '/Users/basith/.gradle/caches/8.8/transforms/edc5e5ba7a9eb2937313121c640bf4d8-d2e09d4d-89c4-44c3-9475-f06618c1f4a7' when creating directory '/Users/basith/.gradle/caches/8.8/transforms/edc5e5ba7a9eb2937313121c640bf4d8-d2e09d4d-89c4-44c3-9475-f06618c1f4a7/transformed'
   > Failed to create parent directory '/Users/basith/.gradle/caches/8.8/transforms/5ee98f163739321ee41451f7663ad7b5-dca48c2f-ceb1-4127-95b8-7138a4877709' when creating directory '/Users/basith/.gradle/caches/8.8/transforms/5ee98f163739321ee41451f7663ad7b5-dca48c2f-ceb1-4127-95b8-7138a4877709/transformed'
   > Failed to create parent directory '/Users/basith/.gradle/caches/8.8/transforms/762ff797fa052535834e17c54a94d1f8-662bb6f3-d01b-4c6e-8bdd-d7e18061c7d3' when creating directory '/Users/basith/.gradle/caches/8.8/transforms/762ff797fa052535834e17c54a94d1f8-662bb6f3-d01b-4c6e-8bdd-d7e18061c7d3/transformed'
   > Failed to create parent directory '/Users/basith/.gradle/caches/8.8/transforms/ab4a31b34c46eccb99030fb9c059c542-3230fd74-81df-41b6-ab41-657b7c6d9b7f' when creating directory '/Users/basith/.gradle/caches/8.8/transforms/ab4a31b34c46eccb99030fb9c059c542-3230fd74-81df-41b6-ab41-657b7c6d9b7f/transformed'
   > Failed to create parent directory '/Users/basith/.gradle/caches/8.8/transforms/9cdcff6acda2de38386c1e05ff9fedee-a64245f0-59d2-49ed-9424-99f2a1235932' when creating directory '/Users/basith/.gradle/caches/8.8/transforms/9cdcff6acda2de38386c1e05ff9fedee-a64245f0-59d2-49ed-9424-99f2a1235932/transformed'
   > Failed to create parent directory '/Users/basith/.gradle/caches/8.8/transforms/43bfebd49c5cf29d9d8b5458cbeaf19b-80acba50-0d4b-4b8a-be1c-c1bcf2bc9ae9' when creating directory '/Users/basith/.gradle/caches/8.8/transforms/43bfebd49c5cf29d9d8b5458cbeaf19b-80acba50-0d4b-4b8a-be1c-c1bcf2bc9ae9/transformed'
   > Failed to create parent directory '/Users/basith/.gradle/caches/8.8/transforms/d2b0257d8b1d91f8137ed4801b3d326d-dcef486b-4abe-460d-b520-a1f81d4f848c' when creating directory '/Users/basith/.gradle/caches/8.8/transforms/d2b0257d8b1d91f8137ed4801b3d326d-dcef486b-4abe-460d-b520-a1f81d4f848c/transformed'
   > Failed to create parent directory '/Users/basith/.gradle/caches/8.8/transforms/9cdcff6acda2de38386c1e05ff9fedee-855fe990-f303-4a69-ba29-f3d6b94af0da' when creating directory '/Users/basith/.gradle/caches/8.8/transforms/9cdcff6acda2de38386c1e05ff9fedee-855fe990-f303-4a69-ba29-f3d6b94af0da/transformed'
   > Failed to create parent directory '/Users/basith/.gradle/caches/8.8/transforms/d2b0257d8b1d91f8137ed4801b3d326d-ff085baf-7135-40d3-b53b-1fc02fe88f24' when creating directory '/Users/basith/.gradle/caches/8.8/transforms/d2b0257d8b1d91f8137ed4801b3d326d-ff085baf-7135-40d3-b53b-1fc02fe88f24/transformed'
   > Failed to create parent directory '/Users/basith/.gradle/caches/8.8/transforms/58d94cf5495fd7a35fd2a7b91f6bbf0d-c876b5d3-e94d-4032-83d4-ce589720df31' when creating directory '/Users/basith/.gradle/caches/8.8/transforms/58d94cf5495fd7a35fd2a7b91f6bbf0d-c876b5d3-e94d-4032-83d4-ce589720df31/transformed'
   > Failed to create parent directory '/Users/basith/.gradle/caches/8.8/transforms/4bc36b8f0cf8355e4aa680907ba34c73-6dbb6785-8ec4-48ee-aca5-0c081f6c4c9b' when creating directory '/Users/basith/.gradle/caches/8.8/transforms/4bc36b8f0cf8355e4aa680907ba34c73-6dbb6785-8ec4-48ee-aca5-0c081f6c4c9b/transformed'
   > Failed to create parent directory '/Users/basith/.gradle/caches/8.8/transforms/8953346f7d95496775128b951f205d26-46e47da6-a24b-4056-abdc-4df2d3515014' when creating directory '/Users/basith/.gradle/caches/8.8/transforms/8953346f7d95496775128b951f205d26-46e47da6-a24b-4056-abdc-4df2d3515014/transformed'
   > Failed to create parent directory '/Users/basith/.gradle/caches/8.8/transforms/f739f0e5378f828d97832f36a3500f3a-68b19a16-4396-4a1c-ac3b-e803274dc9f9' when creating directory '/Users/basith/.gradle/caches/8.8/transforms/f739f0e5378f828d97832f36a3500f3a-68b19a16-4396-4a1c-ac3b-e803274dc9f9/transformed'
   > Failed to create parent directory '/Users/basith/.gradle/caches/8.8/transforms/cf4ce1a26abd4dd75d6f427f95fcc0e6-9468c56d-c2a1-4cf6-b02a-599b7585c24d' when creating directory '/Users/basith/.gradle/caches/8.8/transforms/cf4ce1a26abd4dd75d6f427f95fcc0e6-9468c56d-c2a1-4cf6-b02a-599b7585c24d/transformed'
   > Failed to create parent directory '/Users/basith/.gradle/caches/8.8/transforms/f739f0e5378f828d97832f36a3500f3a-1fd60d46-e6b1-41f5-8f91-ff4d1edf2a51' when creating directory '/Users/basith/.gradle/caches/8.8/transforms/f739f0e5378f828d97832f36a3500f3a-1fd60d46-e6b1-41f5-8f91-ff4d1edf2a51/transformed'
   > Failed to create parent directory '/Users/basith/.gradle/caches/8.8/transforms/c76ef64b26db3df6b002c09808d0501c-21c479cb-bf2f-4998-a224-9ca36174a48a' when creating directory '/Users/basith/.gradle/caches/8.8/transforms/c76ef64b26db3df6b002c09808d0501c-21c479cb-bf2f-4998-a224-9ca36174a48a/transformed'
   > Failed to create parent directory '/Users/basith/.gradle/caches/8.8/transforms/e04e34479c9f365a712b795cf48ebb1a-a08d1277-318c-4a6a-a354-b10123578821' when creating directory '/Users/basith/.gradle/caches/8.8/transforms/e04e34479c9f365a712b795cf48ebb1a-a08d1277-318c-4a6a-a354-b10123578821/transformed'
   > Failed to create parent directory '/Users/basith/.gradle/caches/8.8/transforms/4d0f84cfb44e0f2c6cee224aa6d22ac9-59698ffd-2af3-4a16-9560-4f55144aca7a' when creating directory '/Users/basith/.gradle/caches/8.8/transforms/4d0f84cfb44e0f2c6cee224aa6d22ac9-59698ffd-2af3-4a16-9560-4f55144aca7a/transformed'
   > Failed to create parent directory '/Users/basith/.gradle/caches/8.8/transforms/baf4b833e8fb53c181ef7544fc20c3d6-0e85fe63-b5ae-4978-91c6-0736631807a5' when creating directory '/Users/basith/.gradle/caches/8.8/transforms/baf4b833e8fb53c181ef7544fc20c3d6-0e85fe63-b5ae-4978-91c6-0736631807a5/transformed'
   > Failed to create parent directory '/Users/basith/.gradle/caches/8.8/transforms/46fd406d3885762ca78fe6c5a5150aa9-d1333ad5-a233-41c3-afcd-fba547b10fca' when creating directory '/Users/basith/.gradle/caches/8.8/transforms/46fd406d3885762ca78fe6c5a5150aa9-d1333ad5-a233-41c3-afcd-fba547b10fca/transformed'
   > Failed to create parent directory '/Users/basith/.gradle/caches/8.8/transforms/341fc2f4996c2fbfedbb7e0154c18cbb-0b1beff1-0f46-42e4-8e3c-7bf650eedf92' when creating directory '/Users/basith/.gradle/caches/8.8/transforms/341fc2f4996c2fbfedbb7e0154c18cbb-0b1beff1-0f46-42e4-8e3c-7bf650eedf92/transformed'
   > Failed to create parent directory '/Users/basith/.gradle/caches/8.8/transforms/93c93aada6bba24fad6b3d991f360ab4-7e8342af-8163-4c02-afec-d0fb1bd94bf1' when creating directory '/Users/basith/.gradle/caches/8.8/transforms/93c93aada6bba24fad6b3d991f360ab4-7e8342af-8163-4c02-afec-d0fb1bd94bf1/transformed'
   > Failed to create parent directory '/Users/basith/.gradle/caches/8.8/transforms/768e096567e30bb85598d92fc36ebc54-239027de-cee9-4676-8501-ca722c771f2e' when creating directory '/Users/basith/.gradle/caches/8.8/transforms/768e096567e30bb85598d92fc36ebc54-239027de-cee9-4676-8501-ca722c771f2e/transformed'
   > Failed to create parent directory '/Users/basith/.gradle/caches/8.8/transforms/e04e34479c9f365a712b795cf48ebb1a-f9a9c571-4620-4448-8b2f-33c16631c74b' when creating directory '/Users/basith/.gradle/caches/8.8/transforms/e04e34479c9f365a712b795cf48ebb1a-f9a9c571-4620-4448-8b2f-33c16631c74b/transformed'
   > Failed to create parent directory '/Users/basith/.gradle/caches/8.8/transforms/626bd2e79f57a2d9982f53842e99d026-0061f007-33e6-44bf-b015-9c453d00fd4b' when creating directory '/Users/basith/.gradle/caches/8.8/transforms/626bd2e79f57a2d9982f53842e99d026-0061f007-33e6-44bf-b015-9c453d00fd4b/transformed'
   > Failed to create parent directory '/Users/basith/.gradle/caches/8.8/transforms/46fd406d3885762ca78fe6c5a5150aa9-60ad3f93-28b2-43c8-b92b-f30b8c9d84c2' when creating directory '/Users/basith/.gradle/caches/8.8/transforms/46fd406d3885762ca78fe6c5a5150aa9-60ad3f93-28b2-43c8-b92b-f30b8c9d84c2/transformed'
   > Failed to create parent directory '/Users/basith/.gradle/caches/8.8/transforms/e011457f78de2dd13df960a43bd0b442-e735a692-7544-446f-b4c8-56a158bd6015' when creating directory '/Users/basith/.gradle/caches/8.8/transforms/e011457f78de2dd13df960a43bd0b442-e735a692-7544-446f-b4c8-56a158bd6015/transformed'
   > Failed to create parent directory '/Users/basith/.gradle/caches/8.8/transforms/2ac3fafda87e3aa2754c2dc631866de3-339fcfc4-80fb-4e89-9f0b-de9a87dabf4b' when creating directory '/Users/basith/.gradle/caches/8.8/transforms/2ac3fafda87e3aa2754c2dc631866de3-339fcfc4-80fb-4e89-9f0b-de9a87dabf4b/transformed'
   > Failed to create parent directory '/Users/basith/.gradle/caches/8.8/transforms/26be54b3760e2a78ce0f13399c18d85f-f360f577-6ee7-4812-80b3-2768c9d6c65d' when creating directory '/Users/basith/.gradle/caches/8.8/transforms/26be54b3760e2a78ce0f13399c18d85f-f360f577-6ee7-4812-80b3-2768c9d6c65d/transformed'
   > Failed to create parent directory '/Users/basith/.gradle/caches/8.8/transforms/626bd2e79f57a2d9982f53842e99d026-537e97e7-99cc-49c8-af4a-35842b07f52c' when creating directory '/Users/basith/.gradle/caches/8.8/transforms/626bd2e79f57a2d9982f53842e99d026-537e97e7-99cc-49c8-af4a-35842b07f52c/transformed'
   > Failed to create parent directory '/Users/basith/.gradle/caches/8.8/transforms/9d212bd641e153dd5e5aa2551e82abfd-e8b866d9-6a08-4056-bdf1-1f0bfe1d13a2' when creating directory '/Users/basith/.gradle/caches/8.8/transforms/9d212bd641e153dd5e5aa2551e82abfd-e8b866d9-6a08-4056-bdf1-1f0bfe1d13a2/transformed'
   > Failed to create parent directory '/Users/basith/.gradle/caches/8.8/transforms/e011457f78de2dd13df960a43bd0b442-0c305510-f4d5-4888-9567-ff10defe4020' when creating directory '/Users/basith/.gradle/caches/8.8/transforms/e011457f78de2dd13df960a43bd0b442-0c305510-f4d5-4888-9567-ff10defe4020/transformed'
   > Failed to create parent directory '/Users/basith/.gradle/caches/8.8/transforms/da0e8d41e80bd7ed4e79252b86797d06-4836903d-8bd0-4352-bf42-66a994aaa344' when creating directory '/Users/basith/.gradle/caches/8.8/transforms/da0e8d41e80bd7ed4e79252b86797d06-4836903d-8bd0-4352-bf42-66a994aaa344/transformed'
   > Failed to create parent directory '/Users/basith/.gradle/caches/8.8/transforms/7932fbec2654b04ae1b66d72d0cc275d-434dd2a1-c3e4-4e80-bdee-99d9a808f00d' when creating directory '/Users/basith/.gradle/caches/8.8/transforms/7932fbec2654b04ae1b66d72d0cc275d-434dd2a1-c3e4-4e80-bdee-99d9a808f00d/transformed'
   > Failed to create parent directory '/Users/basith/.gradle/caches/8.8/transforms/e5cb5364b17b1635ada56d63806c648b-72cebc10-fd4b-4242-92b6-81edb68c799f' when creating directory '/Users/basith/.gradle/caches/8.8/transforms/e5cb5364b17b1635ada56d63806c648b-72cebc10-fd4b-4242-92b6-81edb68c799f/transformed'
   > Failed to create parent directory '/Users/basith/.gradle/caches/8.8/transforms/9d212bd641e153dd5e5aa2551e82abfd-725d033d-3949-4197-9e20-aa3a64fa7732' when creating directory '/Users/basith/.gradle/caches/8.8/transforms/9d212bd641e153dd5e5aa2551e82abfd-725d033d-3949-4197-9e20-aa3a64fa7732/transformed'
   > Failed to create parent directory '/Users/basith/.gradle/caches/8.8/transforms/626bd2e79f57a2d9982f53842e99d026-a051abdb-d7c9-420a-921d-0e20fea34ee4' when creating directory '/Users/basith/.gradle/caches/8.8/transforms/626bd2e79f57a2d9982f53842e99d026-a051abdb-d7c9-420a-921d-0e20fea34ee4/transformed'
   > Failed to create parent directory '/Users/basith/.gradle/caches/8.8/transforms/7db1f64b3ef41abd318d7e87794330ff-1eeb418e-ab53-4083-acb6-6baadb50da85' when creating directory '/Users/basith/.gradle/caches/8.8/transforms/7db1f64b3ef41abd318d7e87794330ff-1eeb418e-ab53-4083-acb6-6baadb50da85/transformed'
   > Failed to create parent directory '/Users/basith/.gradle/caches/8.8/transforms/9e1d4259428f4d551594591d60789234-9fc78f4c-8736-4677-aa0e-6795a62f6b2b' when creating directory '/Users/basith/.gradle/caches/8.8/transforms/9e1d4259428f4d551594591d60789234-9fc78f4c-8736-4677-aa0e-6795a62f6b2b/transformed'
   > Failed to create parent directory '/Users/basith/.gradle/caches/8.8/transforms/7db1f64b3ef41abd318d7e87794330ff-6e4fc257-ae51-49b3-b53b-7cc8181f8190' when creating directory '/Users/basith/.gradle/caches/8.8/transforms/7db1f64b3ef41abd318d7e87794330ff-6e4fc257-ae51-49b3-b53b-7cc8181f8190/transformed'
   > Failed to create parent directory '/Users/basith/.gradle/caches/8.8/transforms/7db1f64b3ef41abd318d7e87794330ff-13a402ee-2203-402b-aacb-62bbad31bc94' when creating directory '/Users/basith/.gradle/caches/8.8/transforms/7db1f64b3ef41abd318d7e87794330ff-13a402ee-2203-402b-aacb-62bbad31bc94/transformed'
   > Failed to create parent directory '/Users/basith/.gradle/caches/8.8/transforms/383a3bd6ff7ec12a4f1a055561ad10ea-7c0e0aad-ee83-4c06-819b-bbfc18c5e98d' when creating directory '/Users/basith/.gradle/caches/8.8/transforms/383a3bd6ff7ec12a4f1a055561ad10ea-7c0e0aad-ee83-4c06-819b-bbfc18c5e98d/transformed'
   > Failed to create parent directory '/Users/basith/.gradle/caches/8.8/transforms/383a3bd6ff7ec12a4f1a055561ad10ea-182b9c8e-b799-49b5-bbe0-22ecf412dfdf' when creating directory '/Users/basith/.gradle/caches/8.8/transforms/383a3bd6ff7ec12a4f1a055561ad10ea-182b9c8e-b799-49b5-bbe0-22ecf412dfdf/transformed'
   > Failed to create parent directory '/Users/basith/.gradle/caches/8.8/transforms/bbf04726adf30351c22e479671bb8b83-61253e1d-1724-4ca4-a5c5-72c3c7134295' when creating directory '/Users/basith/.gradle/caches/8.8/transforms/bbf04726adf30351c22e479671bb8b83-61253e1d-1724-4ca4-a5c5-72c3c7134295/transformed'
   > Failed to create parent directory '/Users/basith/.gradle/caches/8.8/transforms/89ac9aa6373574024bd42e1d5653b5c0-5b6fcdc8-2d19-482e-a091-879b49391167' when creating directory '/Users/basith/.gradle/caches/8.8/transforms/89ac9aa6373574024bd42e1d5653b5c0-5b6fcdc8-2d19-482e-a091-879b49391167/transformed'
   > Failed to create parent directory '/Users/basith/.gradle/caches/8.8/transforms/bbf04726adf30351c22e479671bb8b83-4fb57bb6-e72f-42e0-ae70-35002b1b17f2' when creating directory '/Users/basith/.gradle/caches/8.8/transforms/bbf04726adf30351c22e479671bb8b83-4fb57bb6-e72f-42e0-ae70-35002b1b17f2/transformed'
   > Failed to create parent directory '/Users/basith/.gradle/caches/8.8/transforms/705aa927fceb8a487429acc50234969e-c9b68b7f-2193-48f3-8f46-ce10c3dd5869' when creating directory '/Users/basith/.gradle/caches/8.8/transforms/705aa927fceb8a487429acc50234969e-c9b68b7f-2193-48f3-8f46-ce10c3dd5869/transformed'
   > Failed to create parent directory '/Users/basith/.gradle/caches/8.8/transforms/b48cca9ce54061c23b754b780b60cd8b-83e18673-da62-43f6-bf50-4ca563d1c824' when creating directory '/Users/basith/.gradle/caches/8.8/transforms/b48cca9ce54061c23b754b780b60cd8b-83e18673-da62-43f6-bf50-4ca563d1c824/transformed'
   > Failed to create parent directory '/Users/basith/.gradle/caches/8.8/transforms/b48cca9ce54061c23b754b780b60cd8b-3db50abb-d7bf-475c-a351-da2f4683126c' when creating directory '/Users/basith/.gradle/caches/8.8/transforms/b48cca9ce54061c23b754b780b60cd8b-3db50abb-d7bf-475c-a351-da2f4683126c/transformed'
   > Failed to create parent directory '/Users/basith/.gradle/caches/8.8/transforms/f3347e4e39fa84b3e514bb6fc27fe432-989f7319-a991-4dff-b173-fff5a2fa8a12' when creating directory '/Users/basith/.gradle/caches/8.8/transforms/f3347e4e39fa84b3e514bb6fc27fe432-989f7319-a991-4dff-b173-fff5a2fa8a12/transformed'
   > Failed to create parent directory '/Users/basith/.gradle/caches/8.8/transforms/f873ebd07009539cf0c2f27c84e1da6d-ac8ca1b7-fb5a-4352-8f19-b4c0b1b74ad8' when creating directory '/Users/basith/.gradle/caches/8.8/transforms/f873ebd07009539cf0c2f27c84e1da6d-ac8ca1b7-fb5a-4352-8f19-b4c0b1b74ad8/transformed'
   > Failed to create parent directory '/Users/basith/.gradle/caches/8.8/transforms/8cd5158eded5743c3849103403408a4d-dcdce63f-514d-458c-ab65-acd9cc29a291' when creating directory '/Users/basith/.gradle/caches/8.8/transforms/8cd5158eded5743c3849103403408a4d-dcdce63f-514d-458c-ab65-acd9cc29a291/transformed'
   > Failed to create parent directory '/Users/basith/.gradle/caches/8.8/transforms/f873ebd07009539cf0c2f27c84e1da6d-a8511e21-7b73-43b8-b546-e71f3a0d7436' when creating directory '/Users/basith/.gradle/caches/8.8/transforms/f873ebd07009539cf0c2f27c84e1da6d-a8511e21-7b73-43b8-b546-e71f3a0d7436/transformed'
   > Failed to create parent directory '/Users/basith/.gradle/caches/8.8/transforms/8cd5158eded5743c3849103403408a4d-395a0c18-855f-49a8-8ba3-2af423475998' when creating directory '/Users/basith/.gradle/caches/8.8/transforms/8cd5158eded5743c3849103403408a4d-395a0c18-855f-49a8-8ba3-2af423475998/transformed'
   > Failed to create parent directory '/Users/basith/.gradle/caches/8.8/transforms/f873ebd07009539cf0c2f27c84e1da6d-0823eeca-9633-428f-90cc-04c2886cb8df' when creating directory '/Users/basith/.gradle/caches/8.8/transforms/f873ebd07009539cf0c2f27c84e1da6d-0823eeca-9633-428f-90cc-04c2886cb8df/transformed'
   > Failed to create parent directory '/Users/basith/.gradle/caches/8.8/transforms/c60bb6ca17246b525758783555d93687-3d19ec1f-d6c7-43bf-b01c-47167e46e540' when creating directory '/Users/basith/.gradle/caches/8.8/transforms/c60bb6ca17246b525758783555d93687-3d19ec1f-d6c7-43bf-b01c-47167e46e540/transformed'
   > Failed to create parent directory '/Users/basith/.gradle/caches/8.8/transforms/66bd7efdc50c9aa56aac474bb4c27f35-c5db036f-917f-4895-9f20-681ac509c081' when creating directory '/Users/basith/.gradle/caches/8.8/transforms/66bd7efdc50c9aa56aac474bb4c27f35-c5db036f-917f-4895-9f20-681ac509c081/transformed'
   > Failed to create parent directory '/Users/basith/.gradle/caches/8.8/transforms/f873ebd07009539cf0c2f27c84e1da6d-c0f60d96-5d09-4ba9-bb4e-ebcafba6dfcf' when creating directory '/Users/basith/.gradle/caches/8.8/transforms/f873ebd07009539cf0c2f27c84e1da6d-c0f60d96-5d09-4ba9-bb4e-ebcafba6dfcf/transformed'
   > Failed to create parent directory '/Users/basith/.gradle/caches/8.8/transforms/f873ebd07009539cf0c2f27c84e1da6d-5c67754f-9c8e-42f9-8751-de356cb38fbe' when creating directory '/Users/basith/.gradle/caches/8.8/transforms/f873ebd07009539cf0c2f27c84e1da6d-5c67754f-9c8e-42f9-8751-de356cb38fbe/transformed'
   > Failed to create parent directory '/Users/basith/.gradle/caches/8.8/transforms/f873ebd07009539cf0c2f27c84e1da6d-bc5f851a-933a-436e-a1bf-8edb244d3f0c' when creating directory '/Users/basith/.gradle/caches/8.8/transforms/f873ebd07009539cf0c2f27c84e1da6d-bc5f851a-933a-436e-a1bf-8edb244d3f0c/transformed'
   > Failed to create parent directory '/Users/basith/.gradle/caches/8.8/transforms/c4b0e610717cf2386c5e0610ff704f7c-6a42cc84-fe1d-4edb-b7ad-bfe234c867c7' when creating directory '/Users/basith/.gradle/caches/8.8/transforms/c4b0e610717cf2386c5e0610ff704f7c-6a42cc84-fe1d-4edb-b7ad-bfe234c867c7/transformed'
   > Failed to create parent directory '/Users/basith/.gradle/caches/8.8/transforms/c4b0e610717cf2386c5e0610ff704f7c-9124b64f-8d6f-48e2-8872-b607d3bbeb17' when creating directory '/Users/basith/.gradle/caches/8.8/transforms/c4b0e610717cf2386c5e0610ff704f7c-9124b64f-8d6f-48e2-8872-b607d3bbeb17/transformed'
   > Failed to create parent directory '/Users/basith/.gradle/caches/8.8/transforms/b17cb67484f857df6607f318612c5fef-d3139a5c-3203-453a-a7fc-779f786d0d16' when creating directory '/Users/basith/.gradle/caches/8.8/transforms/b17cb67484f857df6607f318612c5fef-d3139a5c-3203-453a-a7fc-779f786d0d16/transformed'
   > Failed to create parent directory '/Users/basith/.gradle/caches/8.8/transforms/730a873c82687edb2d047814dcac4e9e-1eda7829-5c29-446a-806f-4fd00859a4b6' when creating directory '/Users/basith/.gradle/caches/8.8/transforms/730a873c82687edb2d047814dcac4e9e-1eda7829-5c29-446a-806f-4fd00859a4b6/transformed'
   > Failed to create parent directory '/Users/basith/.gradle/caches/8.8/transforms/730a873c82687edb2d047814dcac4e9e-cf9da69c-d226-4d4b-8582-f833a793ec04' when creating directory '/Users/basith/.gradle/caches/8.8/transforms/730a873c82687edb2d047814dcac4e9e-cf9da69c-d226-4d4b-8582-f833a793ec04/transformed'
   > Failed to create parent directory '/Users/basith/.gradle/caches/8.8/transforms/730a873c82687edb2d047814dcac4e9e-f2ca4603-9cf2-49e6-b33a-f4816995e1ab' when creating directory '/Users/basith/.gradle/caches/8.8/transforms/730a873c82687edb2d047814dcac4e9e-f2ca4603-9cf2-49e6-b33a-f4816995e1ab/transformed'
   > Failed to create parent directory '/Users/basith/.gradle/caches/8.8/transforms/730a873c82687edb2d047814dcac4e9e-700e9a77-0d95-418b-99a3-c787c98bba22' when creating directory '/Users/basith/.gradle/caches/8.8/transforms/730a873c82687edb2d047814dcac4e9e-700e9a77-0d95-418b-99a3-c787c98bba22/transformed'
   > Failed to create parent directory '/Users/basith/.gradle/caches/8.8/transforms/730a873c82687edb2d047814dcac4e9e-0568dd68-2a5c-488a-90fd-d8bf42a5f162' when creating directory '/Users/basith/.gradle/caches/8.8/transforms/730a873c82687edb2d047814dcac4e9e-0568dd68-2a5c-488a-90fd-d8bf42a5f162/transformed'
   > Failed to create parent directory '/Users/basith/.gradle/caches/8.8/transforms/730a873c82687edb2d047814dcac4e9e-19a0b779-6e93-4160-80cb-0d0d7f96c45e' when creating directory '/Users/basith/.gradle/caches/8.8/transforms/730a873c82687edb2d047814dcac4e9e-19a0b779-6e93-4160-80cb-0d0d7f96c45e/transformed'
   > Failed to create parent directory '/Users/basith/.gradle/caches/8.8/transforms/730a873c82687edb2d047814dcac4e9e-f6c9fe03-31e1-4a2e-bfee-d06ecdebb92b' when creating directory '/Users/basith/.gradle/caches/8.8/transforms/730a873c82687edb2d047814dcac4e9e-f6c9fe03-31e1-4a2e-bfee-d06ecdebb92b/transformed'
   > Failed to create parent directory '/Users/basith/.gradle/caches/8.8/transforms/730a873c82687edb2d047814dcac4e9e-2f3a401a-54e2-4afb-b2c9-5b7960153512' when creating directory '/Users/basith/.gradle/caches/8.8/transforms/730a873c82687edb2d047814dcac4e9e-2f3a401a-54e2-4afb-b2c9-5b7960153512/transformed'
   > Failed to create parent directory '/Users/basith/.gradle/caches/8.8/transforms/730a873c82687edb2d047814dcac4e9e-f49f62e9-d823-4a9f-9b50-da480e026d81' when creating directory '/Users/basith/.gradle/caches/8.8/transforms/730a873c82687edb2d047814dcac4e9e-f49f62e9-d823-4a9f-9b50-da480e026d81/transformed'
   > Failed to create parent directory '/Users/basith/.gradle/caches/8.8/transforms/730a873c82687edb2d047814dcac4e9e-8d7f4b98-5446-4889-b224-effbf4570cab' when creating directory '/Users/basith/.gradle/caches/8.8/transforms/730a873c82687edb2d047814dcac4e9e-8d7f4b98-5446-4889-b224-effbf4570cab/transformed'
   > Failed to create parent directory '/Users/basith/.gradle/caches/8.8/transforms/730a873c82687edb2d047814dcac4e9e-7d17ca8b-57d5-4f13-8bc5-3e1317efbc66' when creating directory '/Users/basith/.gradle/caches/8.8/transforms/730a873c82687edb2d047814dcac4e9e-7d17ca8b-57d5-4f13-8bc5-3e1317efbc66/transformed'
   > Failed to create parent directory '/Users/basith/.gradle/caches/8.8/transforms/730a873c82687edb2d047814dcac4e9e-a1f7c33c-79b3-4626-ba6e-6e7b9d8612ca' when creating directory '/Users/basith/.gradle/caches/8.8/transforms/730a873c82687edb2d047814dcac4e9e-a1f7c33c-79b3-4626-ba6e-6e7b9d8612ca/transformed'
   > Failed to create parent directory '/Users/basith/.gradle/caches/8.8/transforms/730a873c82687edb2d047814dcac4e9e-de85b0c4-c983-45e9-a309-b87749fd49f5' when creating directory '/Users/basith/.gradle/caches/8.8/transforms/730a873c82687edb2d047814dcac4e9e-de85b0c4-c983-45e9-a309-b87749fd49f5/transformed'
   > Failed to create parent directory '/Users/basith/.gradle/caches/8.8/transforms/904eb441b21a9b43aff625a5328dc7f2-173049eb-ab0e-49cf-a1ef-4a3dd0480ad6' when creating directory '/Users/basith/.gradle/caches/8.8/transforms/904eb441b21a9b43aff625a5328dc7f2-173049eb-ab0e-49cf-a1ef-4a3dd0480ad6/transformed'
   > Failed to create parent directory '/Users/basith/.gradle/caches/8.8/transforms/8b0cf7e6b8d0d92192960d936caca3f4-3639d3ea-13f8-4e08-b125-997bf14b9302' when creating directory '/Users/basith/.gradle/caches/8.8/transforms/8b0cf7e6b8d0d92192960d936caca3f4-3639d3ea-13f8-4e08-b125-997bf14b9302/transformed'
   > Failed to create parent directory '/Users/basith/.gradle/caches/8.8/transforms/730a873c82687edb2d047814dcac4e9e-bd767b6d-7a81-4558-af83-b0fef09f6655' when creating directory '/Users/basith/.gradle/caches/8.8/transforms/730a873c82687edb2d047814dcac4e9e-bd767b6d-7a81-4558-af83-b0fef09f6655/transformed'
   > Failed to create parent directory '/Users/basith/.gradle/caches/8.8/transforms/904eb441b21a9b43aff625a5328dc7f2-0da30d31-0980-41a8-97dc-c04216105aa5' when creating directory '/Users/basith/.gradle/caches/8.8/transforms/904eb441b21a9b43aff625a5328dc7f2-0da30d31-0980-41a8-97dc-c04216105aa5/transformed'
   > Failed to create parent directory '/Users/basith/.gradle/caches/8.8/transforms/3e45bdf55dbc7d72ac58b8099e2a37a4-a37acff1-4461-4cc5-b171-4eae07d9f922' when creating directory '/Users/basith/.gradle/caches/8.8/transforms/3e45bdf55dbc7d72ac58b8099e2a37a4-a37acff1-4461-4cc5-b171-4eae07d9f922/transformed'
   > Failed to create parent directory '/Users/basith/.gradle/caches/8.8/transforms/a6589f407c8b2f74183302787a9c6365-05591a54-cc48-41e7-aa86-102b9dc0a92f' when creating directory '/Users/basith/.gradle/caches/8.8/transforms/a6589f407c8b2f74183302787a9c6365-05591a54-cc48-41e7-aa86-102b9dc0a92f/transformed'
   > Failed to create parent directory '/Users/basith/.gradle/caches/8.8/transforms/730a873c82687edb2d047814dcac4e9e-f8e64db0-74c6-4b7a-973a-8139bc356fec' when creating directory '/Users/basith/.gradle/caches/8.8/transforms/730a873c82687edb2d047814dcac4e9e-f8e64db0-74c6-4b7a-973a-8139bc356fec/transformed'
   > Failed to create parent directory '/Users/basith/.gradle/caches/8.8/transforms/01863f974400d5dc4771f4389f975093-00574a0e-12b0-4f33-8f78-46cf2efe2f9f' when creating directory '/Users/basith/.gradle/caches/8.8/transforms/01863f974400d5dc4771f4389f975093-00574a0e-12b0-4f33-8f78-46cf2efe2f9f/transformed'
   > Failed to create parent directory '/Users/basith/.gradle/caches/8.8/transforms/730a873c82687edb2d047814dcac4e9e-5ed19cb0-1ea2-471f-a22a-cf4e6ce4ed65' when creating directory '/Users/basith/.gradle/caches/8.8/transforms/730a873c82687edb2d047814dcac4e9e-5ed19cb0-1ea2-471f-a22a-cf4e6ce4ed65/transformed'
   > Failed to create parent directory '/Users/basith/.gradle/caches/8.8/transforms/87f3fb5f00c8b796ec75745290e692fa-eb8b2d56-b085-4e37-a4c6-4621d90573c5' when creating directory '/Users/basith/.gradle/caches/8.8/transforms/87f3fb5f00c8b796ec75745290e692fa-eb8b2d56-b085-4e37-a4c6-4621d90573c5/transformed'
   > Failed to create parent directory '/Users/basith/.gradle/caches/8.8/transforms/730a873c82687edb2d047814dcac4e9e-44089a19-dd46-45e5-af60-a50106d83f32' when creating directory '/Users/basith/.gradle/caches/8.8/transforms/730a873c82687edb2d047814dcac4e9e-44089a19-dd46-45e5-af60-a50106d83f32/transformed'
   > Failed to create parent directory '/Users/basith/.gradle/caches/8.8/transforms/87f3fb5f00c8b796ec75745290e692fa-b02ee2ff-4cfe-45e0-b54d-7ad16632a3c6' when creating directory '/Users/basith/.gradle/caches/8.8/transforms/87f3fb5f00c8b796ec75745290e692fa-b02ee2ff-4cfe-45e0-b54d-7ad16632a3c6/transformed'
   > Failed to create parent directory '/Users/basith/.gradle/caches/8.8/transforms/87f3fb5f00c8b796ec75745290e692fa-210b5382-57cc-4bcf-b254-40ad960fd67b' when creating directory '/Users/basith/.gradle/caches/8.8/transforms/87f3fb5f00c8b796ec75745290e692fa-210b5382-57cc-4bcf-b254-40ad960fd67b/transformed'
   > Failed to create parent directory '/Users/basith/.gradle/caches/8.8/transforms/730a873c82687edb2d047814dcac4e9e-963bf2c9-3e12-46ec-a872-bb974cd61822' when creating directory '/Users/basith/.gradle/caches/8.8/transforms/730a873c82687edb2d047814dcac4e9e-963bf2c9-3e12-46ec-a872-bb974cd61822/transformed'
   > Failed to create parent directory '/Users/basith/.gradle/caches/8.8/transforms/87f3fb5f00c8b796ec75745290e692fa-3bde5df5-4389-470c-b7f7-c895b821bcbc' when creating directory '/Users/basith/.gradle/caches/8.8/transforms/87f3fb5f00c8b796ec75745290e692fa-3bde5df5-4389-470c-b7f7-c895b821bcbc/transformed'
   > Failed to create parent directory '/Users/basith/.gradle/caches/8.8/transforms/730a873c82687edb2d047814dcac4e9e-55f1e732-64e3-429f-bf20-8834687cb563' when creating directory '/Users/basith/.gradle/caches/8.8/transforms/730a873c82687edb2d047814dcac4e9e-55f1e732-64e3-429f-bf20-8834687cb563/transformed'
   > Failed to create parent directory '/Users/basith/.gradle/caches/8.8/transforms/87f3fb5f00c8b796ec75745290e692fa-6c6405cc-5729-4761-8767-71a2627d1e8b' when creating directory '/Users/basith/.gradle/caches/8.8/transforms/87f3fb5f00c8b796ec75745290e692fa-6c6405cc-5729-4761-8767-71a2627d1e8b/transformed'
   > Failed to create parent directory '/Users/basith/.gradle/caches/8.8/transforms/87f3fb5f00c8b796ec75745290e692fa-4f23b814-6d32-4789-8689-3c4d4f26dd45' when creating directory '/Users/basith/.gradle/caches/8.8/transforms/87f3fb5f00c8b796ec75745290e692fa-4f23b814-6d32-4789-8689-3c4d4f26dd45/transformed'
   > Failed to create parent directory '/Users/basith/.gradle/caches/8.8/transforms/87f3fb5f00c8b796ec75745290e692fa-880dd78d-bd6f-4259-88b1-43dd2c9ee3c9' when creating directory '/Users/basith/.gradle/caches/8.8/transforms/87f3fb5f00c8b796ec75745290e692fa-880dd78d-bd6f-4259-88b1-43dd2c9ee3c9/transformed'
   > Failed to create parent directory '/Users/basith/.gradle/caches/8.8/transforms/87f3fb5f00c8b796ec75745290e692fa-3782fd50-8d63-4d2e-acc9-71e3f8d8a09f' when creating directory '/Users/basith/.gradle/caches/8.8/transforms/87f3fb5f00c8b796ec75745290e692fa-3782fd50-8d63-4d2e-acc9-71e3f8d8a09f/transformed'
   > Failed to create parent directory '/Users/basith/.gradle/caches/8.8/transforms/87f3fb5f00c8b796ec75745290e692fa-d4073555-de19-4a56-9b40-67114150cd30' when creating directory '/Users/basith/.gradle/caches/8.8/transforms/87f3fb5f00c8b796ec75745290e692fa-d4073555-de19-4a56-9b40-67114150cd30/transformed'
   > Failed to create parent directory '/Users/basith/.gradle/caches/8.8/transforms/87f3fb5f00c8b796ec75745290e692fa-6aa3b1f9-2db1-46a3-903f-00bc14dca663' when creating directory '/Users/basith/.gradle/caches/8.8/transforms/87f3fb5f00c8b796ec75745290e692fa-6aa3b1f9-2db1-46a3-903f-00bc14dca663/transformed'
   > Failed to create parent directory '/Users/basith/.gradle/caches/8.8/transforms/87f3fb5f00c8b796ec75745290e692fa-ac160669-337e-4582-bc5f-02eaa9885e0e' when creating directory '/Users/basith/.gradle/caches/8.8/transforms/87f3fb5f00c8b796ec75745290e692fa-ac160669-337e-4582-bc5f-02eaa9885e0e/transformed'
   > Failed to create parent directory '/Users/basith/.gradle/caches/8.8/transforms/87f3fb5f00c8b796ec75745290e692fa-870fb356-299e-4183-8a01-719eb3a51d71' when creating directory '/Users/basith/.gradle/caches/8.8/transforms/87f3fb5f00c8b796ec75745290e692fa-870fb356-299e-4183-8a01-719eb3a51d71/transformed'
   > Failed to create parent directory '/Users/basith/.gradle/caches/8.8/transforms/87f3fb5f00c8b796ec75745290e692fa-c08ee07e-18ec-4311-86b2-4f52db83ba4d' when creating directory '/Users/basith/.gradle/caches/8.8/transforms/87f3fb5f00c8b796ec75745290e692fa-c08ee07e-18ec-4311-86b2-4f52db83ba4d/transformed'
   > Failed to create parent directory '/Users/basith/.gradle/caches/8.8/transforms/87f3fb5f00c8b796ec75745290e692fa-f831fe05-ee37-43a3-852e-93b92fc08742' when creating directory '/Users/basith/.gradle/caches/8.8/transforms/87f3fb5f00c8b796ec75745290e692fa-f831fe05-ee37-43a3-852e-93b92fc08742/transformed'
   > Failed to create parent directory '/Users/basith/.gradle/caches/8.8/transforms/3c18121bfef15f47410d820f38ac26dc-2ba7cbd1-a0e9-4009-a200-d6d20f954f3b' when creating directory '/Users/basith/.gradle/caches/8.8/transforms/3c18121bfef15f47410d820f38ac26dc-2ba7cbd1-a0e9-4009-a200-d6d20f954f3b/transformed'
   > Failed to create parent directory '/Users/basith/.gradle/caches/8.8/transforms/3c18121bfef15f47410d820f38ac26dc-ee32c64c-df1c-412a-b94c-350f33bd791d' when creating directory '/Users/basith/.gradle/caches/8.8/transforms/3c18121bfef15f47410d820f38ac26dc-ee32c64c-df1c-412a-b94c-350f33bd791d/transformed'
   > Failed to create parent directory '/Users/basith/.gradle/caches/8.8/transforms/3c18121bfef15f47410d820f38ac26dc-5f9050c9-3ed7-4b18-9cbd-3c7aebb0d490' when creating directory '/Users/basith/.gradle/caches/8.8/transforms/3c18121bfef15f47410d820f38ac26dc-5f9050c9-3ed7-4b18-9cbd-3c7aebb0d490/transformed'
   > Failed to create parent directory '/Users/basith/.gradle/caches/8.8/transforms/3c18121bfef15f47410d820f38ac26dc-2d770939-a118-4587-97e9-e24af166f35f' when creating directory '/Users/basith/.gradle/caches/8.8/transforms/3c18121bfef15f47410d820f38ac26dc-2d770939-a118-4587-97e9-e24af166f35f/transformed'
   > Failed to create parent directory '/Users/basith/.gradle/caches/8.8/transforms/3c18121bfef15f47410d820f38ac26dc-3a319a9e-b3c7-4e51-9640-56ccfd9f909e' when creating directory '/Users/basith/.gradle/caches/8.8/transforms/3c18121bfef15f47410d820f38ac26dc-3a319a9e-b3c7-4e51-9640-56ccfd9f909e/transformed'
   > Failed to create parent directory '/Users/basith/.gradle/caches/8.8/transforms/3c18121bfef15f47410d820f38ac26dc-d407997f-052f-4c0c-b508-d37c029a8042' when creating directory '/Users/basith/.gradle/caches/8.8/transforms/3c18121bfef15f47410d820f38ac26dc-d407997f-052f-4c0c-b508-d37c029a8042/transformed'
   > Failed to create parent directory '/Users/basith/.gradle/caches/8.8/transforms/3c18121bfef15f47410d820f38ac26dc-0b233e7f-b541-4626-beed-af8929a5329d' when creating directory '/Users/basith/.gradle/caches/8.8/transforms/3c18121bfef15f47410d820f38ac26dc-0b233e7f-b541-4626-beed-af8929a5329d/transformed'
   > Failed to create parent directory '/Users/basith/.gradle/caches/8.8/transforms/3c18121bfef15f47410d820f38ac26dc-c5c4c2c3-8e0d-45a2-ad9d-c57c9c099107' when creating directory '/Users/basith/.gradle/caches/8.8/transforms/3c18121bfef15f47410d820f38ac26dc-c5c4c2c3-8e0d-45a2-ad9d-c57c9c099107/transformed'
   > Failed to create parent directory '/Users/basith/.gradle/caches/8.8/transforms/3c18121bfef15f47410d820f38ac26dc-343ed8db-3a63-41b2-a6ae-4fe7397706ca' when creating directory '/Users/basith/.gradle/caches/8.8/transforms/3c18121bfef15f47410d820f38ac26dc-343ed8db-3a63-41b2-a6ae-4fe7397706ca/transformed'
   > Failed to create parent directory '/Users/basith/.gradle/caches/8.8/transforms/3c18121bfef15f47410d820f38ac26dc-e0a292d0-2dc2-4c7f-87a9-4e5b5a5b9733' when creating directory '/Users/basith/.gradle/caches/8.8/transforms/3c18121bfef15f47410d820f38ac26dc-e0a292d0-2dc2-4c7f-87a9-4e5b5a5b9733/transformed'
   > Failed to create parent directory '/Users/basith/.gradle/caches/8.8/transforms/3c18121bfef15f47410d820f38ac26dc-09fa3588-733a-4b3f-86c1-9a4169d1dd2c' when creating directory '/Users/basith/.gradle/caches/8.8/transforms/3c18121bfef15f47410d820f38ac26dc-09fa3588-733a-4b3f-86c1-9a4169d1dd2c/transformed'
   > Failed to create parent directory '/Users/basith/.gradle/caches/8.8/transforms/3c18121bfef15f47410d820f38ac26dc-1c1bf498-728f-4177-b6a7-db9059f566e8' when creating directory '/Users/basith/.gradle/caches/8.8/transforms/3c18121bfef15f47410d820f38ac26dc-1c1bf498-728f-4177-b6a7-db9059f566e8/transformed'
   > Failed to create parent directory '/Users/basith/.gradle/caches/8.8/transforms/3c18121bfef15f47410d820f38ac26dc-ac752e9c-308a-4e1c-a77f-43b96df6e302' when creating directory '/Users/basith/.gradle/caches/8.8/transforms/3c18121bfef15f47410d820f38ac26dc-ac752e9c-308a-4e1c-a77f-43b96df6e302/transformed'
   > Failed to create parent directory '/Users/basith/.gradle/caches/8.8/transforms/8fa87adfd14f6726ae2798be0580c962-5c154f82-82d8-47e8-a8ea-0553622725f6' when creating directory '/Users/basith/.gradle/caches/8.8/transforms/8fa87adfd14f6726ae2798be0580c962-5c154f82-82d8-47e8-a8ea-0553622725f6/transformed'
   > Failed to create parent directory '/Users/basith/.gradle/caches/8.8/transforms/c48f975fd10bd95239b74c8f8600516a-48f24ffb-9c6b-4225-b2c0-200615a4db28' when creating directory '/Users/basith/.gradle/caches/8.8/transforms/c48f975fd10bd95239b74c8f8600516a-48f24ffb-9c6b-4225-b2c0-200615a4db28/transformed'
   > Failed to create parent directory '/Users/basith/.gradle/caches/8.8/transforms/c48f975fd10bd95239b74c8f8600516a-9e207df7-9ed8-42a0-865a-3722e09f4fe6' when creating directory '/Users/basith/.gradle/caches/8.8/transforms/c48f975fd10bd95239b74c8f8600516a-9e207df7-9ed8-42a0-865a-3722e09f4fe6/transformed'
   > Failed to create parent directory '/Users/basith/.gradle/caches/8.8/transforms/c48f975fd10bd95239b74c8f8600516a-0ab4d14f-beb4-4328-972b-5f4926a4f76c' when creating directory '/Users/basith/.gradle/caches/8.8/transforms/c48f975fd10bd95239b74c8f8600516a-0ab4d14f-beb4-4328-972b-5f4926a4f76c/transformed'
   > Failed to create parent directory '/Users/basith/.gradle/caches/8.8/transforms/c48f975fd10bd95239b74c8f8600516a-8af92590-c86d-49e2-9c4b-15c2c1e7595b' when creating directory '/Users/basith/.gradle/caches/8.8/transforms/c48f975fd10bd95239b74c8f8600516a-8af92590-c86d-49e2-9c4b-15c2c1e7595b/transformed'
   > Failed to create parent directory '/Users/basith/.gradle/caches/8.8/transforms/c48f975fd10bd95239b74c8f8600516a-dca79843-2919-418b-a452-6de04f415ec0' when creating directory '/Users/basith/.gradle/caches/8.8/transforms/c48f975fd10bd95239b74c8f8600516a-dca79843-2919-418b-a452-6de04f415ec0/transformed'
   > Failed to create parent directory '/Users/basith/.gradle/caches/8.8/transforms/c48f975fd10bd95239b74c8f8600516a-82737e95-74e3-4712-b39a-a8de2cb498b5' when creating directory '/Users/basith/.gradle/caches/8.8/transforms/c48f975fd10bd95239b74c8f8600516a-82737e95-74e3-4712-b39a-a8de2cb498b5/transformed'
   > Failed to create parent directory '/Users/basith/.gradle/caches/8.8/transforms/c48f975fd10bd95239b74c8f8600516a-1b2f29ad-6457-4d2f-b4ea-a9a837804d2f' when creating directory '/Users/basith/.gradle/caches/8.8/transforms/c48f975fd10bd95239b74c8f8600516a-1b2f29ad-6457-4d2f-b4ea-a9a837804d2f/transformed'
   > Failed to create parent directory '/Users/basith/.gradle/caches/8.8/transforms/fc8e627485ea8a0b0f96c86d16f06905-e7b042b4-b491-4a53-b215-913ca9bb3fec' when creating directory '/Users/basith/.gradle/caches/8.8/transforms/fc8e627485ea8a0b0f96c86d16f06905-e7b042b4-b491-4a53-b215-913ca9bb3fec/transformed'
   > Failed to create parent directory '/Users/basith/.gradle/caches/8.8/transforms/c48f975fd10bd95239b74c8f8600516a-2ab301af-3fec-47de-ab44-642eb6a67346' when creating directory '/Users/basith/.gradle/caches/8.8/transforms/c48f975fd10bd95239b74c8f8600516a-2ab301af-3fec-47de-ab44-642eb6a67346/transformed'
   > Failed to create parent directory '/Users/basith/.gradle/caches/8.8/transforms/33b2337020fdcdc8bfaab8ba87e87e2f-5c2bcef6-a207-48b1-a63f-1c5b44cc8336' when creating directory '/Users/basith/.gradle/caches/8.8/transforms/33b2337020fdcdc8bfaab8ba87e87e2f-5c2bcef6-a207-48b1-a63f-1c5b44cc8336/transformed'
   > Failed to create parent directory '/Users/basith/.gradle/caches/8.8/transforms/04b7bb8dc1556d307982f6aa26a3167f-49a5517e-5f61-4225-997a-2a41c2630de4' when creating directory '/Users/basith/.gradle/caches/8.8/transforms/04b7bb8dc1556d307982f6aa26a3167f-49a5517e-5f61-4225-997a-2a41c2630de4/transformed'
   > Failed to create parent directory '/Users/basith/.gradle/caches/8.8/transforms/fcf3bd4a3353dc7e351e0417b39286fe-3dc10244-00e9-4975-9de4-ab89bb3946d8' when creating directory '/Users/basith/.gradle/caches/8.8/transforms/fcf3bd4a3353dc7e351e0417b39286fe-3dc10244-00e9-4975-9de4-ab89bb3946d8/transformed'
   > Failed to create parent directory '/Users/basith/.gradle/caches/8.8/transforms/a401ffef39168b6df2d3961e41913dc7-e748140f-01cc-4ad2-9c19-125361584a96' when creating directory '/Users/basith/.gradle/caches/8.8/transforms/a401ffef39168b6df2d3961e41913dc7-e748140f-01cc-4ad2-9c19-125361584a96/transformed'
   > Failed to create parent directory '/Users/basith/.gradle/caches/8.8/transforms/935c03c12ed9bd4b20d48876d881f64e-9efd83f6-6e84-431f-9282-095948569a9d' when creating directory '/Users/basith/.gradle/caches/8.8/transforms/935c03c12ed9bd4b20d48876d881f64e-9efd83f6-6e84-431f-9282-095948569a9d/transformed'
   > Failed to create parent directory '/Users/basith/.gradle/caches/8.8/transforms/f9068959ff931b78f8c7fc5403a03c61-23042496-677f-45d6-ad6c-ca82aaf8c215' when creating directory '/Users/basith/.gradle/caches/8.8/transforms/f9068959ff931b78f8c7fc5403a03c61-23042496-677f-45d6-ad6c-ca82aaf8c215/transformed'
   > Failed to create parent directory '/Users/basith/.gradle/caches/8.8/transforms/08125a68b4595959e26685457976f901-28a5bb44-bf31-4b51-892c-236b3c4c45a7' when creating directory '/Users/basith/.gradle/caches/8.8/transforms/08125a68b4595959e26685457976f901-28a5bb44-bf31-4b51-892c-236b3c4c45a7/transformed'
   > Failed to create parent directory '/Users/basith/.gradle/caches/8.8/transforms/1943cea3ba289a431a8816083a97a43a-9987a1c4-123e-46dd-bf6c-141633913198' when creating directory '/Users/basith/.gradle/caches/8.8/transforms/1943cea3ba289a431a8816083a97a43a-9987a1c4-123e-46dd-bf6c-141633913198/transformed'
   > Failed to create parent directory '/Users/basith/.gradle/caches/8.8/transforms/b404cc1ed15c2d4aa2ceeaaf94a2b04e-1adf9a4d-faa2-4508-a040-3c1ca2cf76b6' when creating directory '/Users/basith/.gradle/caches/8.8/transforms/b404cc1ed15c2d4aa2ceeaaf94a2b04e-1adf9a4d-faa2-4508-a040-3c1ca2cf76b6/transformed'
   > Failed to create parent directory '/Users/basith/.gradle/caches/8.8/transforms/901972199632c274557e2c737f8f2200-4daa5cc9-4419-42ae-9e7d-b403e4523024' when creating directory '/Users/basith/.gradle/caches/8.8/transforms/901972199632c274557e2c737f8f2200-4daa5cc9-4419-42ae-9e7d-b403e4523024/transformed'
   > Failed to create parent directory '/Users/basith/.gradle/caches/8.8/transforms/73a9e564f4c14ff7b817c8974d38b378-9834962d-8504-4b00-a40e-70e9952f2142' when creating directory '/Users/basith/.gradle/caches/8.8/transforms/73a9e564f4c14ff7b817c8974d38b378-9834962d-8504-4b00-a40e-70e9952f2142/transformed'
   > Failed to create parent directory '/Users/basith/.gradle/caches/8.8/transforms/73a9e564f4c14ff7b817c8974d38b378-53e3e54c-698c-4735-9866-573cc38b37e3' when creating directory '/Users/basith/.gradle/caches/8.8/transforms/73a9e564f4c14ff7b817c8974d38b378-53e3e54c-698c-4735-9866-573cc38b37e3/transformed'

* Try:
> Run with --stacktrace option to get the stack trace.
> Run with --info or --debug option to get more log output.
> Run with --scan to get full insights.
> Get more help at https://help.gradle.org.

BUILD FAILED in 5m 58s
581 actionable tasks: 568 executed, 13 up-to-date
